2025-01-15 23:32:55 INFO  TC001_AccountRegistrationTest:17 - *****Starting TC001_AccountRegistrationTest ****
2025-01-15 23:32:55 INFO  TC001_AccountRegistrationTest:26 - Clicked on My Account link
2025-01-15 23:32:56 INFO  TC001_AccountRegistrationTest:28 - Clicked on Register link
2025-01-15 23:33:10 INFO  TC001_AccountRegistrationTest:44 - Validating Expected message...
2025-01-15 23:33:20 INFO  TC001_AccountRegistrationTest:63 - ******Finished TC001_AccountRegistrationTest******
2025-01-15 23:33:22 INFO  TC002_LoginTest:15 - *********Start TC002_LoginTest*********
2025-01-15 23:33:34 INFO  TC002_LoginTest:36 - ****Finished TC002_LoginTest****
2025-01-15 23:39:59 INFO  TC001_AccountRegistrationTest:17 - *****Starting TC001_AccountRegistrationTest ****
2025-01-15 23:39:59 INFO  TC001_AccountRegistrationTest:26 - Clicked on My Account link
2025-01-15 23:40:00 INFO  TC001_AccountRegistrationTest:28 - Clicked on Register link
2025-01-15 23:40:13 INFO  TC001_AccountRegistrationTest:44 - Validating Expected message...
2025-01-15 23:40:23 INFO  TC001_AccountRegistrationTest:63 - ******Finished TC001_AccountRegistrationTest******
2025-01-15 23:40:26 INFO  TC002_LoginTest:15 - *********Start TC002_LoginTest*********
2025-01-15 23:40:37 INFO  TC002_LoginTest:36 - ****Finished TC002_LoginTest****
2025-01-15 23:40:41 DEBUG PackageRelationshipCollection:307 - Parsing relationship: /xl/_rels/workbook.xml.rels
2025-01-15 23:40:41 DEBUG PackageRelationshipCollection:307 - Parsing relationship: /xl/worksheets/_rels/sheet1.xml.rels
2025-01-15 23:40:41 DEBUG PackageRelationshipCollection:307 - Parsing relationship: /_rels/.rels
2025-01-15 23:40:42 DEBUG PackageRelationshipCollection:307 - Parsing relationship: /xl/_rels/workbook.xml.rels
2025-01-15 23:40:42 DEBUG PackageRelationshipCollection:307 - Parsing relationship: /xl/worksheets/_rels/sheet1.xml.rels
2025-01-15 23:40:42 DEBUG PackageRelationshipCollection:307 - Parsing relationship: /_rels/.rels
2025-01-15 23:40:42 DEBUG PackageRelationshipCollection:307 - Parsing relationship: /xl/_rels/workbook.xml.rels
2025-01-15 23:40:42 DEBUG PackageRelationshipCollection:307 - Parsing relationship: /xl/worksheets/_rels/sheet1.xml.rels
2025-01-15 23:40:42 DEBUG PackageRelationshipCollection:307 - Parsing relationship: /_rels/.rels
2025-01-15 23:40:42 DEBUG PackageRelationshipCollection:307 - Parsing relationship: /xl/_rels/workbook.xml.rels
2025-01-15 23:40:42 DEBUG PackageRelationshipCollection:307 - Parsing relationship: /xl/worksheets/_rels/sheet1.xml.rels
2025-01-15 23:40:42 DEBUG PackageRelationshipCollection:307 - Parsing relationship: /_rels/.rels
2025-01-15 23:40:42 DEBUG PackageRelationshipCollection:307 - Parsing relationship: /xl/_rels/workbook.xml.rels
2025-01-15 23:40:42 DEBUG PackageRelationshipCollection:307 - Parsing relationship: /xl/worksheets/_rels/sheet1.xml.rels
2025-01-15 23:40:42 DEBUG PackageRelationshipCollection:307 - Parsing relationship: /_rels/.rels
2025-01-15 23:40:42 DEBUG PackageRelationshipCollection:307 - Parsing relationship: /xl/_rels/workbook.xml.rels
2025-01-15 23:40:42 DEBUG PackageRelationshipCollection:307 - Parsing relationship: /xl/worksheets/_rels/sheet1.xml.rels
2025-01-15 23:40:42 DEBUG PackageRelationshipCollection:307 - Parsing relationship: /_rels/.rels
2025-01-15 23:40:42 DEBUG PackageRelationshipCollection:307 - Parsing relationship: /xl/_rels/workbook.xml.rels
2025-01-15 23:40:42 DEBUG PackageRelationshipCollection:307 - Parsing relationship: /xl/worksheets/_rels/sheet1.xml.rels
2025-01-15 23:40:42 DEBUG PackageRelationshipCollection:307 - Parsing relationship: /_rels/.rels
2025-01-15 23:40:42 DEBUG PackageRelationshipCollection:307 - Parsing relationship: /xl/_rels/workbook.xml.rels
2025-01-15 23:40:42 DEBUG PackageRelationshipCollection:307 - Parsing relationship: /xl/worksheets/_rels/sheet1.xml.rels
2025-01-15 23:40:42 DEBUG PackageRelationshipCollection:307 - Parsing relationship: /_rels/.rels
2025-01-15 23:40:42 DEBUG PackageRelationshipCollection:307 - Parsing relationship: /xl/_rels/workbook.xml.rels
2025-01-15 23:40:42 DEBUG PackageRelationshipCollection:307 - Parsing relationship: /xl/worksheets/_rels/sheet1.xml.rels
2025-01-15 23:40:42 DEBUG PackageRelationshipCollection:307 - Parsing relationship: /_rels/.rels
2025-01-15 23:40:42 DEBUG PackageRelationshipCollection:307 - Parsing relationship: /xl/_rels/workbook.xml.rels
2025-01-15 23:40:42 DEBUG PackageRelationshipCollection:307 - Parsing relationship: /xl/worksheets/_rels/sheet1.xml.rels
2025-01-15 23:40:42 DEBUG PackageRelationshipCollection:307 - Parsing relationship: /_rels/.rels
2025-01-15 23:40:42 DEBUG PackageRelationshipCollection:307 - Parsing relationship: /xl/_rels/workbook.xml.rels
2025-01-15 23:40:42 DEBUG PackageRelationshipCollection:307 - Parsing relationship: /xl/worksheets/_rels/sheet1.xml.rels
2025-01-15 23:40:42 DEBUG PackageRelationshipCollection:307 - Parsing relationship: /_rels/.rels
2025-01-15 23:40:42 DEBUG PackageRelationshipCollection:307 - Parsing relationship: /xl/_rels/workbook.xml.rels
2025-01-15 23:40:42 DEBUG PackageRelationshipCollection:307 - Parsing relationship: /xl/worksheets/_rels/sheet1.xml.rels
2025-01-15 23:40:42 DEBUG PackageRelationshipCollection:307 - Parsing relationship: /_rels/.rels
2025-01-15 23:40:42 DEBUG PackageRelationshipCollection:307 - Parsing relationship: /xl/_rels/workbook.xml.rels
2025-01-15 23:40:42 DEBUG PackageRelationshipCollection:307 - Parsing relationship: /xl/worksheets/_rels/sheet1.xml.rels
2025-01-15 23:40:42 DEBUG PackageRelationshipCollection:307 - Parsing relationship: /_rels/.rels
2025-01-15 23:40:42 DEBUG PackageRelationshipCollection:307 - Parsing relationship: /xl/_rels/workbook.xml.rels
2025-01-15 23:40:42 DEBUG PackageRelationshipCollection:307 - Parsing relationship: /xl/worksheets/_rels/sheet1.xml.rels
2025-01-15 23:40:42 DEBUG PackageRelationshipCollection:307 - Parsing relationship: /_rels/.rels
2025-01-15 23:40:42 DEBUG PackageRelationshipCollection:307 - Parsing relationship: /xl/_rels/workbook.xml.rels
2025-01-15 23:40:42 DEBUG PackageRelationshipCollection:307 - Parsing relationship: /xl/worksheets/_rels/sheet1.xml.rels
2025-01-15 23:40:42 DEBUG PackageRelationshipCollection:307 - Parsing relationship: /_rels/.rels
2025-01-15 23:40:42 DEBUG PackageRelationshipCollection:307 - Parsing relationship: /xl/_rels/workbook.xml.rels
2025-01-15 23:40:42 DEBUG PackageRelationshipCollection:307 - Parsing relationship: /xl/worksheets/_rels/sheet1.xml.rels
2025-01-15 23:40:42 DEBUG PackageRelationshipCollection:307 - Parsing relationship: /_rels/.rels
2025-01-15 23:40:42 DEBUG PackageRelationshipCollection:307 - Parsing relationship: /xl/_rels/workbook.xml.rels
2025-01-15 23:40:42 DEBUG PackageRelationshipCollection:307 - Parsing relationship: /xl/worksheets/_rels/sheet1.xml.rels
2025-01-15 23:40:42 DEBUG PackageRelationshipCollection:307 - Parsing relationship: /_rels/.rels
2025-01-15 23:40:42 DEBUG PackageRelationshipCollection:307 - Parsing relationship: /xl/_rels/workbook.xml.rels
2025-01-15 23:40:42 DEBUG PackageRelationshipCollection:307 - Parsing relationship: /xl/worksheets/_rels/sheet1.xml.rels
2025-01-15 23:40:42 DEBUG PackageRelationshipCollection:307 - Parsing relationship: /_rels/.rels
2025-01-15 23:40:42 DEBUG PackageRelationshipCollection:307 - Parsing relationship: /xl/_rels/workbook.xml.rels
2025-01-15 23:40:42 DEBUG PackageRelationshipCollection:307 - Parsing relationship: /xl/worksheets/_rels/sheet1.xml.rels
2025-01-15 23:40:42 DEBUG PackageRelationshipCollection:307 - Parsing relationship: /_rels/.rels
2025-01-15 23:40:42 DEBUG PackageRelationshipCollection:307 - Parsing relationship: /xl/_rels/workbook.xml.rels
2025-01-15 23:40:42 DEBUG PackageRelationshipCollection:307 - Parsing relationship: /xl/worksheets/_rels/sheet1.xml.rels
2025-01-15 23:40:42 DEBUG PackageRelationshipCollection:307 - Parsing relationship: /_rels/.rels
2025-01-15 23:40:42 INFO  TC003_LoginDDT:16 - *****Starting TC003_LoginDTT******
2025-01-15 23:40:48 INFO  TC003_LoginDDT:53 - *****Finishing TC003_LoginDTT******
2025-01-15 23:40:48 INFO  TC003_LoginDDT:16 - *****Starting TC003_LoginDTT******
2025-01-15 23:41:02 INFO  TC003_LoginDDT:53 - *****Finishing TC003_LoginDTT******
2025-01-15 23:41:02 INFO  TC003_LoginDDT:16 - *****Starting TC003_LoginDTT******
2025-01-15 23:41:17 INFO  TC003_LoginDDT:53 - *****Finishing TC003_LoginDTT******
2025-01-15 23:41:17 INFO  TC003_LoginDDT:16 - *****Starting TC003_LoginDTT******
2025-01-15 23:41:32 INFO  TC003_LoginDDT:53 - *****Finishing TC003_LoginDTT******
2025-01-15 23:41:32 INFO  TC003_LoginDDT:16 - *****Starting TC003_LoginDTT******
2025-01-15 23:41:37 INFO  TC003_LoginDDT:53 - *****Finishing TC003_LoginDTT******
2025-01-15 23:41:37 INFO  TC003_LoginDDT:16 - *****Starting TC003_LoginDTT******
2025-01-15 23:41:52 INFO  TC003_LoginDDT:53 - *****Finishing TC003_LoginDTT******
