2025-01-18 16:56:18 DEBUG PackageRelationshipCollection:307 - Parsing relationship: /xl/_rels/workbook.xml.rels
2025-01-18 16:56:18 DEBUG PackageRelationshipCollection:307 - Parsing relationship: /xl/worksheets/_rels/sheet1.xml.rels
2025-01-18 16:56:18 DEBUG PackageRelationshipCollection:307 - Parsing relationship: /_rels/.rels
2025-01-18 16:56:18 DEBUG PackageRelationshipCollection:307 - Parsing relationship: /xl/_rels/workbook.xml.rels
2025-01-18 16:56:18 DEBUG PackageRelationshipCollection:307 - Parsing relationship: /xl/worksheets/_rels/sheet1.xml.rels
2025-01-18 16:56:18 DEBUG PackageRelationshipCollection:307 - Parsing relationship: /_rels/.rels
2025-01-18 16:56:19 DEBUG PackageRelationshipCollection:307 - Parsing relationship: /xl/_rels/workbook.xml.rels
2025-01-18 16:56:19 DEBUG PackageRelationshipCollection:307 - Parsing relationship: /xl/worksheets/_rels/sheet1.xml.rels
2025-01-18 16:56:19 DEBUG PackageRelationshipCollection:307 - Parsing relationship: /_rels/.rels
2025-01-18 16:56:19 DEBUG PackageRelationshipCollection:307 - Parsing relationship: /xl/_rels/workbook.xml.rels
2025-01-18 16:56:19 DEBUG PackageRelationshipCollection:307 - Parsing relationship: /xl/worksheets/_rels/sheet1.xml.rels
2025-01-18 16:56:19 DEBUG PackageRelationshipCollection:307 - Parsing relationship: /_rels/.rels
2025-01-18 16:56:19 DEBUG PackageRelationshipCollection:307 - Parsing relationship: /xl/_rels/workbook.xml.rels
2025-01-18 16:56:19 DEBUG PackageRelationshipCollection:307 - Parsing relationship: /xl/worksheets/_rels/sheet1.xml.rels
2025-01-18 16:56:19 DEBUG PackageRelationshipCollection:307 - Parsing relationship: /_rels/.rels
2025-01-18 16:56:19 DEBUG PackageRelationshipCollection:307 - Parsing relationship: /xl/_rels/workbook.xml.rels
2025-01-18 16:56:19 DEBUG PackageRelationshipCollection:307 - Parsing relationship: /xl/worksheets/_rels/sheet1.xml.rels
2025-01-18 16:56:19 DEBUG PackageRelationshipCollection:307 - Parsing relationship: /_rels/.rels
2025-01-18 16:56:19 DEBUG PackageRelationshipCollection:307 - Parsing relationship: /xl/_rels/workbook.xml.rels
2025-01-18 16:56:19 DEBUG PackageRelationshipCollection:307 - Parsing relationship: /xl/worksheets/_rels/sheet1.xml.rels
2025-01-18 16:56:19 DEBUG PackageRelationshipCollection:307 - Parsing relationship: /_rels/.rels
2025-01-18 16:56:19 DEBUG PackageRelationshipCollection:307 - Parsing relationship: /xl/_rels/workbook.xml.rels
2025-01-18 16:56:19 DEBUG PackageRelationshipCollection:307 - Parsing relationship: /xl/worksheets/_rels/sheet1.xml.rels
2025-01-18 16:56:19 DEBUG PackageRelationshipCollection:307 - Parsing relationship: /_rels/.rels
2025-01-18 16:56:19 DEBUG PackageRelationshipCollection:307 - Parsing relationship: /xl/_rels/workbook.xml.rels
2025-01-18 16:56:19 DEBUG PackageRelationshipCollection:307 - Parsing relationship: /xl/worksheets/_rels/sheet1.xml.rels
2025-01-18 16:56:19 DEBUG PackageRelationshipCollection:307 - Parsing relationship: /_rels/.rels
2025-01-18 16:56:19 DEBUG PackageRelationshipCollection:307 - Parsing relationship: /xl/_rels/workbook.xml.rels
2025-01-18 16:56:19 DEBUG PackageRelationshipCollection:307 - Parsing relationship: /xl/worksheets/_rels/sheet1.xml.rels
2025-01-18 16:56:19 DEBUG PackageRelationshipCollection:307 - Parsing relationship: /_rels/.rels
2025-01-18 16:56:19 DEBUG PackageRelationshipCollection:307 - Parsing relationship: /xl/_rels/workbook.xml.rels
2025-01-18 16:56:19 DEBUG PackageRelationshipCollection:307 - Parsing relationship: /xl/worksheets/_rels/sheet1.xml.rels
2025-01-18 16:56:19 DEBUG PackageRelationshipCollection:307 - Parsing relationship: /_rels/.rels
2025-01-18 16:56:19 DEBUG PackageRelationshipCollection:307 - Parsing relationship: /xl/_rels/workbook.xml.rels
2025-01-18 16:56:19 DEBUG PackageRelationshipCollection:307 - Parsing relationship: /xl/worksheets/_rels/sheet1.xml.rels
2025-01-18 16:56:19 DEBUG PackageRelationshipCollection:307 - Parsing relationship: /_rels/.rels
2025-01-18 16:56:19 DEBUG PackageRelationshipCollection:307 - Parsing relationship: /xl/_rels/workbook.xml.rels
2025-01-18 16:56:19 DEBUG PackageRelationshipCollection:307 - Parsing relationship: /xl/worksheets/_rels/sheet1.xml.rels
2025-01-18 16:56:19 DEBUG PackageRelationshipCollection:307 - Parsing relationship: /_rels/.rels
2025-01-18 16:56:19 DEBUG PackageRelationshipCollection:307 - Parsing relationship: /xl/_rels/workbook.xml.rels
2025-01-18 16:56:19 DEBUG PackageRelationshipCollection:307 - Parsing relationship: /xl/worksheets/_rels/sheet1.xml.rels
2025-01-18 16:56:19 DEBUG PackageRelationshipCollection:307 - Parsing relationship: /_rels/.rels
2025-01-18 16:56:19 DEBUG PackageRelationshipCollection:307 - Parsing relationship: /xl/_rels/workbook.xml.rels
2025-01-18 16:56:19 DEBUG PackageRelationshipCollection:307 - Parsing relationship: /xl/worksheets/_rels/sheet1.xml.rels
2025-01-18 16:56:19 DEBUG PackageRelationshipCollection:307 - Parsing relationship: /_rels/.rels
2025-01-18 16:56:19 DEBUG PackageRelationshipCollection:307 - Parsing relationship: /xl/_rels/workbook.xml.rels
2025-01-18 16:56:19 DEBUG PackageRelationshipCollection:307 - Parsing relationship: /xl/worksheets/_rels/sheet1.xml.rels
2025-01-18 16:56:19 DEBUG PackageRelationshipCollection:307 - Parsing relationship: /_rels/.rels
2025-01-18 16:56:19 DEBUG PackageRelationshipCollection:307 - Parsing relationship: /xl/_rels/workbook.xml.rels
2025-01-18 16:56:19 DEBUG PackageRelationshipCollection:307 - Parsing relationship: /xl/worksheets/_rels/sheet1.xml.rels
2025-01-18 16:56:19 DEBUG PackageRelationshipCollection:307 - Parsing relationship: /_rels/.rels
2025-01-18 16:56:19 DEBUG PackageRelationshipCollection:307 - Parsing relationship: /xl/_rels/workbook.xml.rels
2025-01-18 16:56:19 DEBUG PackageRelationshipCollection:307 - Parsing relationship: /xl/worksheets/_rels/sheet1.xml.rels
2025-01-18 16:56:19 DEBUG PackageRelationshipCollection:307 - Parsing relationship: /_rels/.rels
2025-01-18 16:56:19 DEBUG PackageRelationshipCollection:307 - Parsing relationship: /xl/_rels/workbook.xml.rels
2025-01-18 16:56:19 DEBUG PackageRelationshipCollection:307 - Parsing relationship: /xl/worksheets/_rels/sheet1.xml.rels
2025-01-18 16:56:19 DEBUG PackageRelationshipCollection:307 - Parsing relationship: /_rels/.rels
2025-01-18 16:56:19 DEBUG PackageRelationshipCollection:307 - Parsing relationship: /xl/_rels/workbook.xml.rels
2025-01-18 16:56:19 DEBUG PackageRelationshipCollection:307 - Parsing relationship: /xl/worksheets/_rels/sheet1.xml.rels
2025-01-18 16:56:19 DEBUG PackageRelationshipCollection:307 - Parsing relationship: /_rels/.rels
2025-01-18 17:08:58 INFO  TC001_AccountRegistrationTest:17 - *****Starting TC001_AccountRegistrationTest ****
2025-01-18 17:08:58 INFO  TC001_AccountRegistrationTest:26 - Clicked on My Account link
2025-01-18 17:09:00 INFO  TC001_AccountRegistrationTest:28 - Clicked on Register link
2025-01-18 17:09:14 INFO  TC001_AccountRegistrationTest:44 - Validating Expected message...
2025-01-18 17:09:25 INFO  TC001_AccountRegistrationTest:63 - ******Finished TC001_AccountRegistrationTest******
2025-01-18 17:09:29 INFO  TC002_LoginTest:16 - *********Start TC002_LoginTest*********
2025-01-18 17:09:57 DEBUG PackageRelationshipCollection:307 - Parsing relationship: /xl/_rels/workbook.xml.rels
2025-01-18 17:09:57 DEBUG PackageRelationshipCollection:307 - Parsing relationship: /xl/worksheets/_rels/sheet1.xml.rels
2025-01-18 17:09:57 DEBUG PackageRelationshipCollection:307 - Parsing relationship: /_rels/.rels
2025-01-18 17:09:57 DEBUG PackageRelationshipCollection:307 - Parsing relationship: /xl/_rels/workbook.xml.rels
2025-01-18 17:09:57 DEBUG PackageRelationshipCollection:307 - Parsing relationship: /xl/worksheets/_rels/sheet1.xml.rels
2025-01-18 17:09:57 DEBUG PackageRelationshipCollection:307 - Parsing relationship: /_rels/.rels
2025-01-18 17:09:57 DEBUG PackageRelationshipCollection:307 - Parsing relationship: /xl/_rels/workbook.xml.rels
2025-01-18 17:09:57 DEBUG PackageRelationshipCollection:307 - Parsing relationship: /xl/worksheets/_rels/sheet1.xml.rels
2025-01-18 17:09:57 DEBUG PackageRelationshipCollection:307 - Parsing relationship: /_rels/.rels
2025-01-18 17:09:57 DEBUG PackageRelationshipCollection:307 - Parsing relationship: /xl/_rels/workbook.xml.rels
2025-01-18 17:09:57 DEBUG PackageRelationshipCollection:307 - Parsing relationship: /xl/worksheets/_rels/sheet1.xml.rels
2025-01-18 17:09:57 DEBUG PackageRelationshipCollection:307 - Parsing relationship: /_rels/.rels
2025-01-18 17:09:57 DEBUG PackageRelationshipCollection:307 - Parsing relationship: /xl/_rels/workbook.xml.rels
2025-01-18 17:09:57 DEBUG PackageRelationshipCollection:307 - Parsing relationship: /xl/worksheets/_rels/sheet1.xml.rels
2025-01-18 17:09:57 DEBUG PackageRelationshipCollection:307 - Parsing relationship: /_rels/.rels
2025-01-18 17:09:57 DEBUG PackageRelationshipCollection:307 - Parsing relationship: /xl/_rels/workbook.xml.rels
2025-01-18 17:09:57 DEBUG PackageRelationshipCollection:307 - Parsing relationship: /xl/worksheets/_rels/sheet1.xml.rels
2025-01-18 17:09:57 DEBUG PackageRelationshipCollection:307 - Parsing relationship: /_rels/.rels
2025-01-18 17:09:57 DEBUG PackageRelationshipCollection:307 - Parsing relationship: /xl/_rels/workbook.xml.rels
2025-01-18 17:09:57 DEBUG PackageRelationshipCollection:307 - Parsing relationship: /xl/worksheets/_rels/sheet1.xml.rels
2025-01-18 17:09:57 DEBUG PackageRelationshipCollection:307 - Parsing relationship: /_rels/.rels
2025-01-18 17:09:57 DEBUG PackageRelationshipCollection:307 - Parsing relationship: /xl/_rels/workbook.xml.rels
2025-01-18 17:09:57 DEBUG PackageRelationshipCollection:307 - Parsing relationship: /xl/worksheets/_rels/sheet1.xml.rels
2025-01-18 17:09:57 DEBUG PackageRelationshipCollection:307 - Parsing relationship: /_rels/.rels
2025-01-18 17:09:57 DEBUG PackageRelationshipCollection:307 - Parsing relationship: /xl/_rels/workbook.xml.rels
2025-01-18 17:09:57 DEBUG PackageRelationshipCollection:307 - Parsing relationship: /xl/worksheets/_rels/sheet1.xml.rels
2025-01-18 17:09:57 DEBUG PackageRelationshipCollection:307 - Parsing relationship: /_rels/.rels
2025-01-18 17:09:57 DEBUG PackageRelationshipCollection:307 - Parsing relationship: /xl/_rels/workbook.xml.rels
2025-01-18 17:09:57 DEBUG PackageRelationshipCollection:307 - Parsing relationship: /xl/worksheets/_rels/sheet1.xml.rels
2025-01-18 17:09:57 DEBUG PackageRelationshipCollection:307 - Parsing relationship: /_rels/.rels
2025-01-18 17:09:58 DEBUG PackageRelationshipCollection:307 - Parsing relationship: /xl/_rels/workbook.xml.rels
2025-01-18 17:09:58 DEBUG PackageRelationshipCollection:307 - Parsing relationship: /xl/worksheets/_rels/sheet1.xml.rels
2025-01-18 17:09:58 DEBUG PackageRelationshipCollection:307 - Parsing relationship: /_rels/.rels
2025-01-18 17:09:58 DEBUG PackageRelationshipCollection:307 - Parsing relationship: /xl/_rels/workbook.xml.rels
2025-01-18 17:09:58 DEBUG PackageRelationshipCollection:307 - Parsing relationship: /xl/worksheets/_rels/sheet1.xml.rels
2025-01-18 17:09:58 DEBUG PackageRelationshipCollection:307 - Parsing relationship: /_rels/.rels
2025-01-18 17:09:58 DEBUG PackageRelationshipCollection:307 - Parsing relationship: /xl/_rels/workbook.xml.rels
2025-01-18 17:09:58 DEBUG PackageRelationshipCollection:307 - Parsing relationship: /xl/worksheets/_rels/sheet1.xml.rels
2025-01-18 17:09:58 DEBUG PackageRelationshipCollection:307 - Parsing relationship: /_rels/.rels
2025-01-18 17:09:58 DEBUG PackageRelationshipCollection:307 - Parsing relationship: /xl/_rels/workbook.xml.rels
2025-01-18 17:09:58 DEBUG PackageRelationshipCollection:307 - Parsing relationship: /xl/worksheets/_rels/sheet1.xml.rels
2025-01-18 17:09:58 DEBUG PackageRelationshipCollection:307 - Parsing relationship: /_rels/.rels
2025-01-18 17:09:58 DEBUG PackageRelationshipCollection:307 - Parsing relationship: /xl/_rels/workbook.xml.rels
2025-01-18 17:09:58 DEBUG PackageRelationshipCollection:307 - Parsing relationship: /xl/worksheets/_rels/sheet1.xml.rels
2025-01-18 17:09:58 DEBUG PackageRelationshipCollection:307 - Parsing relationship: /_rels/.rels
2025-01-18 17:09:58 DEBUG PackageRelationshipCollection:307 - Parsing relationship: /xl/_rels/workbook.xml.rels
2025-01-18 17:09:58 DEBUG PackageRelationshipCollection:307 - Parsing relationship: /xl/worksheets/_rels/sheet1.xml.rels
2025-01-18 17:09:58 DEBUG PackageRelationshipCollection:307 - Parsing relationship: /_rels/.rels
2025-01-18 17:09:58 DEBUG PackageRelationshipCollection:307 - Parsing relationship: /xl/_rels/workbook.xml.rels
2025-01-18 17:09:58 DEBUG PackageRelationshipCollection:307 - Parsing relationship: /xl/worksheets/_rels/sheet1.xml.rels
2025-01-18 17:09:58 DEBUG PackageRelationshipCollection:307 - Parsing relationship: /_rels/.rels
2025-01-18 17:09:58 DEBUG PackageRelationshipCollection:307 - Parsing relationship: /xl/_rels/workbook.xml.rels
2025-01-18 17:09:58 DEBUG PackageRelationshipCollection:307 - Parsing relationship: /xl/worksheets/_rels/sheet1.xml.rels
2025-01-18 17:09:58 DEBUG PackageRelationshipCollection:307 - Parsing relationship: /_rels/.rels
2025-01-18 17:09:58 DEBUG PackageRelationshipCollection:307 - Parsing relationship: /xl/_rels/workbook.xml.rels
2025-01-18 17:09:58 DEBUG PackageRelationshipCollection:307 - Parsing relationship: /xl/worksheets/_rels/sheet1.xml.rels
2025-01-18 17:09:58 DEBUG PackageRelationshipCollection:307 - Parsing relationship: /_rels/.rels
2025-01-18 17:09:58 DEBUG PackageRelationshipCollection:307 - Parsing relationship: /xl/_rels/workbook.xml.rels
2025-01-18 17:09:58 DEBUG PackageRelationshipCollection:307 - Parsing relationship: /xl/worksheets/_rels/sheet1.xml.rels
2025-01-18 17:09:58 DEBUG PackageRelationshipCollection:307 - Parsing relationship: /_rels/.rels
2025-01-18 17:09:58 INFO  TC003_LoginDDT:16 - *****Starting TC003_LoginDTT******
2025-01-18 17:10:04 INFO  TC003_LoginDDT:53 - *****Finishing TC003_LoginDTT******
2025-01-18 17:10:04 INFO  TC003_LoginDDT:16 - *****Starting TC003_LoginDTT******
2025-01-18 17:10:19 INFO  TC003_LoginDDT:53 - *****Finishing TC003_LoginDTT******
2025-01-18 17:10:19 INFO  TC003_LoginDDT:16 - *****Starting TC003_LoginDTT******
2025-01-18 17:10:34 INFO  TC003_LoginDDT:53 - *****Finishing TC003_LoginDTT******
2025-01-18 17:10:34 INFO  TC003_LoginDDT:16 - *****Starting TC003_LoginDTT******
2025-01-18 17:10:49 INFO  TC003_LoginDDT:53 - *****Finishing TC003_LoginDTT******
2025-01-18 17:10:49 INFO  TC003_LoginDDT:16 - *****Starting TC003_LoginDTT******
2025-01-18 17:10:54 INFO  TC003_LoginDDT:53 - *****Finishing TC003_LoginDTT******
2025-01-18 17:10:54 INFO  TC003_LoginDDT:16 - *****Starting TC003_LoginDTT******
2025-01-18 17:11:09 INFO  TC003_LoginDDT:53 - *****Finishing TC003_LoginDTT******
2025-01-18 17:22:13 INFO  TC001_AccountRegistrationTest:17 - *****Starting TC001_AccountRegistrationTest ****
2025-01-18 17:22:13 INFO  TC001_AccountRegistrationTest:26 - Clicked on My Account link
2025-01-18 17:22:14 INFO  TC001_AccountRegistrationTest:28 - Clicked on Register link
2025-01-18 17:22:28 INFO  TC001_AccountRegistrationTest:44 - Validating Expected message...
2025-01-18 17:22:38 INFO  TC001_AccountRegistrationTest:63 - ******Finished TC001_AccountRegistrationTest******
2025-01-18 17:22:42 INFO  TC002_LoginTest:16 - *********Start TC002_LoginTest*********
2025-01-18 17:25:07 INFO  TC001_AccountRegistrationTest:17 - *****Starting TC001_AccountRegistrationTest ****
2025-01-18 17:25:07 INFO  TC001_AccountRegistrationTest:26 - Clicked on My Account link
2025-01-18 17:25:08 INFO  TC001_AccountRegistrationTest:28 - Clicked on Register link
2025-01-18 17:25:24 INFO  TC001_AccountRegistrationTest:44 - Validating Expected message...
2025-01-18 17:25:34 INFO  TC001_AccountRegistrationTest:63 - ******Finished TC001_AccountRegistrationTest******
2025-01-18 17:25:38 INFO  TC002_LoginTest:16 - *********Start TC002_LoginTest*********
2025-01-18 17:26:06 DEBUG PackageRelationshipCollection:307 - Parsing relationship: /xl/_rels/workbook.xml.rels
2025-01-18 17:26:06 DEBUG PackageRelationshipCollection:307 - Parsing relationship: /xl/worksheets/_rels/sheet1.xml.rels
2025-01-18 17:26:06 DEBUG PackageRelationshipCollection:307 - Parsing relationship: /_rels/.rels
2025-01-18 17:26:07 DEBUG PackageRelationshipCollection:307 - Parsing relationship: /xl/_rels/workbook.xml.rels
2025-01-18 17:26:07 DEBUG PackageRelationshipCollection:307 - Parsing relationship: /xl/worksheets/_rels/sheet1.xml.rels
2025-01-18 17:26:07 DEBUG PackageRelationshipCollection:307 - Parsing relationship: /_rels/.rels
2025-01-18 17:26:07 DEBUG PackageRelationshipCollection:307 - Parsing relationship: /xl/_rels/workbook.xml.rels
2025-01-18 17:26:07 DEBUG PackageRelationshipCollection:307 - Parsing relationship: /xl/worksheets/_rels/sheet1.xml.rels
2025-01-18 17:26:07 DEBUG PackageRelationshipCollection:307 - Parsing relationship: /_rels/.rels
2025-01-18 17:26:08 DEBUG PackageRelationshipCollection:307 - Parsing relationship: /xl/_rels/workbook.xml.rels
2025-01-18 17:26:08 DEBUG PackageRelationshipCollection:307 - Parsing relationship: /xl/worksheets/_rels/sheet1.xml.rels
2025-01-18 17:26:08 DEBUG PackageRelationshipCollection:307 - Parsing relationship: /_rels/.rels
2025-01-18 17:26:08 DEBUG PackageRelationshipCollection:307 - Parsing relationship: /xl/_rels/workbook.xml.rels
2025-01-18 17:26:08 DEBUG PackageRelationshipCollection:307 - Parsing relationship: /xl/worksheets/_rels/sheet1.xml.rels
2025-01-18 17:26:08 DEBUG PackageRelationshipCollection:307 - Parsing relationship: /_rels/.rels
2025-01-18 17:26:08 DEBUG PackageRelationshipCollection:307 - Parsing relationship: /xl/_rels/workbook.xml.rels
2025-01-18 17:26:08 DEBUG PackageRelationshipCollection:307 - Parsing relationship: /xl/worksheets/_rels/sheet1.xml.rels
2025-01-18 17:26:08 DEBUG PackageRelationshipCollection:307 - Parsing relationship: /_rels/.rels
2025-01-18 17:26:08 DEBUG PackageRelationshipCollection:307 - Parsing relationship: /xl/_rels/workbook.xml.rels
2025-01-18 17:26:08 DEBUG PackageRelationshipCollection:307 - Parsing relationship: /xl/worksheets/_rels/sheet1.xml.rels
2025-01-18 17:26:08 DEBUG PackageRelationshipCollection:307 - Parsing relationship: /_rels/.rels
2025-01-18 17:26:08 DEBUG PackageRelationshipCollection:307 - Parsing relationship: /xl/_rels/workbook.xml.rels
2025-01-18 17:26:08 DEBUG PackageRelationshipCollection:307 - Parsing relationship: /xl/worksheets/_rels/sheet1.xml.rels
2025-01-18 17:26:08 DEBUG PackageRelationshipCollection:307 - Parsing relationship: /_rels/.rels
2025-01-18 17:26:08 DEBUG PackageRelationshipCollection:307 - Parsing relationship: /xl/_rels/workbook.xml.rels
2025-01-18 17:26:08 DEBUG PackageRelationshipCollection:307 - Parsing relationship: /xl/worksheets/_rels/sheet1.xml.rels
2025-01-18 17:26:08 DEBUG PackageRelationshipCollection:307 - Parsing relationship: /_rels/.rels
2025-01-18 17:26:08 DEBUG PackageRelationshipCollection:307 - Parsing relationship: /xl/_rels/workbook.xml.rels
2025-01-18 17:26:08 DEBUG PackageRelationshipCollection:307 - Parsing relationship: /xl/worksheets/_rels/sheet1.xml.rels
2025-01-18 17:26:08 DEBUG PackageRelationshipCollection:307 - Parsing relationship: /_rels/.rels
2025-01-18 17:26:08 DEBUG PackageRelationshipCollection:307 - Parsing relationship: /xl/_rels/workbook.xml.rels
2025-01-18 17:26:08 DEBUG PackageRelationshipCollection:307 - Parsing relationship: /xl/worksheets/_rels/sheet1.xml.rels
2025-01-18 17:26:08 DEBUG PackageRelationshipCollection:307 - Parsing relationship: /_rels/.rels
2025-01-18 17:26:08 DEBUG PackageRelationshipCollection:307 - Parsing relationship: /xl/_rels/workbook.xml.rels
2025-01-18 17:26:08 DEBUG PackageRelationshipCollection:307 - Parsing relationship: /xl/worksheets/_rels/sheet1.xml.rels
2025-01-18 17:26:08 DEBUG PackageRelationshipCollection:307 - Parsing relationship: /_rels/.rels
2025-01-18 17:26:08 DEBUG PackageRelationshipCollection:307 - Parsing relationship: /xl/_rels/workbook.xml.rels
2025-01-18 17:26:08 DEBUG PackageRelationshipCollection:307 - Parsing relationship: /xl/worksheets/_rels/sheet1.xml.rels
2025-01-18 17:26:08 DEBUG PackageRelationshipCollection:307 - Parsing relationship: /_rels/.rels
2025-01-18 17:26:08 DEBUG PackageRelationshipCollection:307 - Parsing relationship: /xl/_rels/workbook.xml.rels
2025-01-18 17:26:08 DEBUG PackageRelationshipCollection:307 - Parsing relationship: /xl/worksheets/_rels/sheet1.xml.rels
2025-01-18 17:26:08 DEBUG PackageRelationshipCollection:307 - Parsing relationship: /_rels/.rels
2025-01-18 17:26:08 DEBUG PackageRelationshipCollection:307 - Parsing relationship: /xl/_rels/workbook.xml.rels
2025-01-18 17:26:08 DEBUG PackageRelationshipCollection:307 - Parsing relationship: /xl/worksheets/_rels/sheet1.xml.rels
2025-01-18 17:26:08 DEBUG PackageRelationshipCollection:307 - Parsing relationship: /_rels/.rels
2025-01-18 17:26:08 DEBUG PackageRelationshipCollection:307 - Parsing relationship: /xl/_rels/workbook.xml.rels
2025-01-18 17:26:08 DEBUG PackageRelationshipCollection:307 - Parsing relationship: /xl/worksheets/_rels/sheet1.xml.rels
2025-01-18 17:26:08 DEBUG PackageRelationshipCollection:307 - Parsing relationship: /_rels/.rels
2025-01-18 17:26:08 DEBUG PackageRelationshipCollection:307 - Parsing relationship: /xl/_rels/workbook.xml.rels
2025-01-18 17:26:08 DEBUG PackageRelationshipCollection:307 - Parsing relationship: /xl/worksheets/_rels/sheet1.xml.rels
2025-01-18 17:26:08 DEBUG PackageRelationshipCollection:307 - Parsing relationship: /_rels/.rels
2025-01-18 17:26:08 DEBUG PackageRelationshipCollection:307 - Parsing relationship: /xl/_rels/workbook.xml.rels
2025-01-18 17:26:08 DEBUG PackageRelationshipCollection:307 - Parsing relationship: /xl/worksheets/_rels/sheet1.xml.rels
2025-01-18 17:26:08 DEBUG PackageRelationshipCollection:307 - Parsing relationship: /_rels/.rels
2025-01-18 17:26:08 DEBUG PackageRelationshipCollection:307 - Parsing relationship: /xl/_rels/workbook.xml.rels
2025-01-18 17:26:08 DEBUG PackageRelationshipCollection:307 - Parsing relationship: /xl/worksheets/_rels/sheet1.xml.rels
2025-01-18 17:26:08 DEBUG PackageRelationshipCollection:307 - Parsing relationship: /_rels/.rels
2025-01-18 17:26:08 DEBUG PackageRelationshipCollection:307 - Parsing relationship: /xl/_rels/workbook.xml.rels
2025-01-18 17:26:08 DEBUG PackageRelationshipCollection:307 - Parsing relationship: /xl/worksheets/_rels/sheet1.xml.rels
2025-01-18 17:26:08 DEBUG PackageRelationshipCollection:307 - Parsing relationship: /_rels/.rels
2025-01-18 17:26:08 INFO  TC003_LoginDDT:16 - *****Starting TC003_LoginDTT******
2025-01-18 17:26:14 INFO  TC003_LoginDDT:53 - *****Finishing TC003_LoginDTT******
2025-01-18 17:26:14 INFO  TC003_LoginDDT:16 - *****Starting TC003_LoginDTT******
2025-01-18 17:26:29 INFO  TC003_LoginDDT:53 - *****Finishing TC003_LoginDTT******
2025-01-18 17:26:29 INFO  TC003_LoginDDT:16 - *****Starting TC003_LoginDTT******
2025-01-18 17:26:45 INFO  TC003_LoginDDT:53 - *****Finishing TC003_LoginDTT******
2025-01-18 17:26:45 INFO  TC003_LoginDDT:16 - *****Starting TC003_LoginDTT******
2025-01-18 17:27:00 INFO  TC003_LoginDDT:53 - *****Finishing TC003_LoginDTT******
2025-01-18 17:27:00 INFO  TC003_LoginDDT:16 - *****Starting TC003_LoginDTT******
2025-01-18 17:27:06 INFO  TC003_LoginDDT:53 - *****Finishing TC003_LoginDTT******
2025-01-18 17:27:06 INFO  TC003_LoginDDT:16 - *****Starting TC003_LoginDTT******
2025-01-18 17:27:21 INFO  TC003_LoginDDT:53 - *****Finishing TC003_LoginDTT******
2025-01-18 17:31:13 INFO  TC001_AccountRegistrationTest:17 - *****Starting TC001_AccountRegistrationTest ****
2025-01-18 17:31:13 INFO  TC001_AccountRegistrationTest:26 - Clicked on My Account link
2025-01-18 17:31:14 INFO  TC001_AccountRegistrationTest:28 - Clicked on Register link
2025-01-18 17:31:29 INFO  TC001_AccountRegistrationTest:44 - Validating Expected message...
2025-01-18 17:31:39 INFO  TC001_AccountRegistrationTest:63 - ******Finished TC001_AccountRegistrationTest******
2025-01-18 17:31:42 INFO  TC002_LoginTest:16 - *********Start TC002_LoginTest*********
2025-01-18 17:33:31 INFO  TC001_AccountRegistrationTest:17 - *****Starting TC001_AccountRegistrationTest ****
2025-01-18 17:33:31 INFO  TC001_AccountRegistrationTest:26 - Clicked on My Account link
2025-01-18 17:33:32 INFO  TC001_AccountRegistrationTest:28 - Clicked on Register link
2025-01-18 17:33:46 INFO  TC001_AccountRegistrationTest:44 - Validating Expected message...
2025-01-18 17:33:56 INFO  TC001_AccountRegistrationTest:63 - ******Finished TC001_AccountRegistrationTest******
2025-01-18 17:33:59 INFO  TC002_LoginTest:16 - *********Start TC002_LoginTest*********
2025-01-18 21:32:13 INFO  TC002_LoginTest:16 - *********Start TC002_LoginTest*********
2025-01-18 21:32:25 INFO  TC002_LoginTest:37 - ****Finished TC002_LoginTest****
