2025-01-20 22:33:07 DEBUG PackageRelationshipCollection:307 - Parsing relationship: /xl/_rels/workbook.xml.rels
2025-01-20 22:33:07 DEBUG PackageRelationshipCollection:307 - Parsing relationship: /xl/worksheets/_rels/sheet1.xml.rels
2025-01-20 22:33:07 DEBUG PackageRelationshipCollection:307 - Parsing relationship: /_rels/.rels
2025-01-20 22:33:08 DEBUG PackageRelationshipCollection:307 - Parsing relationship: /xl/_rels/workbook.xml.rels
2025-01-20 22:33:08 DEBUG PackageRelationshipCollection:307 - Parsing relationship: /xl/worksheets/_rels/sheet1.xml.rels
2025-01-20 22:33:08 DEBUG PackageRelationshipCollection:307 - Parsing relationship: /_rels/.rels
2025-01-20 22:33:08 DEBUG PackageRelationshipCollection:307 - Parsing relationship: /xl/_rels/workbook.xml.rels
2025-01-20 22:33:08 DEBUG PackageRelationshipCollection:307 - Parsing relationship: /xl/worksheets/_rels/sheet1.xml.rels
2025-01-20 22:33:08 DEBUG PackageRelationshipCollection:307 - Parsing relationship: /_rels/.rels
2025-01-20 22:33:08 DEBUG PackageRelationshipCollection:307 - Parsing relationship: /xl/_rels/workbook.xml.rels
2025-01-20 22:33:08 DEBUG PackageRelationshipCollection:307 - Parsing relationship: /xl/worksheets/_rels/sheet1.xml.rels
2025-01-20 22:33:08 DEBUG PackageRelationshipCollection:307 - Parsing relationship: /_rels/.rels
2025-01-20 22:33:08 DEBUG PackageRelationshipCollection:307 - Parsing relationship: /xl/_rels/workbook.xml.rels
2025-01-20 22:33:08 DEBUG PackageRelationshipCollection:307 - Parsing relationship: /xl/worksheets/_rels/sheet1.xml.rels
2025-01-20 22:33:08 DEBUG PackageRelationshipCollection:307 - Parsing relationship: /_rels/.rels
2025-01-20 22:33:08 DEBUG PackageRelationshipCollection:307 - Parsing relationship: /xl/_rels/workbook.xml.rels
2025-01-20 22:33:08 DEBUG PackageRelationshipCollection:307 - Parsing relationship: /xl/worksheets/_rels/sheet1.xml.rels
2025-01-20 22:33:08 DEBUG PackageRelationshipCollection:307 - Parsing relationship: /_rels/.rels
2025-01-20 22:33:08 DEBUG PackageRelationshipCollection:307 - Parsing relationship: /xl/_rels/workbook.xml.rels
2025-01-20 22:33:08 DEBUG PackageRelationshipCollection:307 - Parsing relationship: /xl/worksheets/_rels/sheet1.xml.rels
2025-01-20 22:33:08 DEBUG PackageRelationshipCollection:307 - Parsing relationship: /_rels/.rels
2025-01-20 22:33:08 DEBUG PackageRelationshipCollection:307 - Parsing relationship: /xl/_rels/workbook.xml.rels
2025-01-20 22:33:08 DEBUG PackageRelationshipCollection:307 - Parsing relationship: /xl/worksheets/_rels/sheet1.xml.rels
2025-01-20 22:33:08 DEBUG PackageRelationshipCollection:307 - Parsing relationship: /_rels/.rels
2025-01-20 22:33:08 DEBUG PackageRelationshipCollection:307 - Parsing relationship: /xl/_rels/workbook.xml.rels
2025-01-20 22:33:08 DEBUG PackageRelationshipCollection:307 - Parsing relationship: /xl/worksheets/_rels/sheet1.xml.rels
2025-01-20 22:33:08 DEBUG PackageRelationshipCollection:307 - Parsing relationship: /_rels/.rels
2025-01-20 22:33:08 DEBUG PackageRelationshipCollection:307 - Parsing relationship: /xl/_rels/workbook.xml.rels
2025-01-20 22:33:08 DEBUG PackageRelationshipCollection:307 - Parsing relationship: /xl/worksheets/_rels/sheet1.xml.rels
2025-01-20 22:33:08 DEBUG PackageRelationshipCollection:307 - Parsing relationship: /_rels/.rels
2025-01-20 22:33:08 DEBUG PackageRelationshipCollection:307 - Parsing relationship: /xl/_rels/workbook.xml.rels
2025-01-20 22:33:08 DEBUG PackageRelationshipCollection:307 - Parsing relationship: /xl/worksheets/_rels/sheet1.xml.rels
2025-01-20 22:33:08 DEBUG PackageRelationshipCollection:307 - Parsing relationship: /_rels/.rels
2025-01-20 22:33:08 DEBUG PackageRelationshipCollection:307 - Parsing relationship: /xl/_rels/workbook.xml.rels
2025-01-20 22:33:08 DEBUG PackageRelationshipCollection:307 - Parsing relationship: /xl/worksheets/_rels/sheet1.xml.rels
2025-01-20 22:33:08 DEBUG PackageRelationshipCollection:307 - Parsing relationship: /_rels/.rels
2025-01-20 22:33:08 DEBUG PackageRelationshipCollection:307 - Parsing relationship: /xl/_rels/workbook.xml.rels
2025-01-20 22:33:08 DEBUG PackageRelationshipCollection:307 - Parsing relationship: /xl/worksheets/_rels/sheet1.xml.rels
2025-01-20 22:33:08 DEBUG PackageRelationshipCollection:307 - Parsing relationship: /_rels/.rels
2025-01-20 22:33:08 DEBUG PackageRelationshipCollection:307 - Parsing relationship: /xl/_rels/workbook.xml.rels
2025-01-20 22:33:08 DEBUG PackageRelationshipCollection:307 - Parsing relationship: /xl/worksheets/_rels/sheet1.xml.rels
2025-01-20 22:33:08 DEBUG PackageRelationshipCollection:307 - Parsing relationship: /_rels/.rels
2025-01-20 22:33:09 DEBUG PackageRelationshipCollection:307 - Parsing relationship: /xl/_rels/workbook.xml.rels
2025-01-20 22:33:09 DEBUG PackageRelationshipCollection:307 - Parsing relationship: /xl/worksheets/_rels/sheet1.xml.rels
2025-01-20 22:33:09 DEBUG PackageRelationshipCollection:307 - Parsing relationship: /_rels/.rels
2025-01-20 22:33:09 DEBUG PackageRelationshipCollection:307 - Parsing relationship: /xl/_rels/workbook.xml.rels
2025-01-20 22:33:09 DEBUG PackageRelationshipCollection:307 - Parsing relationship: /xl/worksheets/_rels/sheet1.xml.rels
2025-01-20 22:33:09 DEBUG PackageRelationshipCollection:307 - Parsing relationship: /_rels/.rels
2025-01-20 22:33:09 DEBUG PackageRelationshipCollection:307 - Parsing relationship: /xl/_rels/workbook.xml.rels
2025-01-20 22:33:09 DEBUG PackageRelationshipCollection:307 - Parsing relationship: /xl/worksheets/_rels/sheet1.xml.rels
2025-01-20 22:33:09 DEBUG PackageRelationshipCollection:307 - Parsing relationship: /_rels/.rels
2025-01-20 22:33:09 DEBUG PackageRelationshipCollection:307 - Parsing relationship: /xl/_rels/workbook.xml.rels
2025-01-20 22:33:09 DEBUG PackageRelationshipCollection:307 - Parsing relationship: /xl/worksheets/_rels/sheet1.xml.rels
2025-01-20 22:33:09 DEBUG PackageRelationshipCollection:307 - Parsing relationship: /_rels/.rels
2025-01-20 22:33:09 DEBUG PackageRelationshipCollection:307 - Parsing relationship: /xl/_rels/workbook.xml.rels
2025-01-20 22:33:09 DEBUG PackageRelationshipCollection:307 - Parsing relationship: /xl/worksheets/_rels/sheet1.xml.rels
2025-01-20 22:33:09 DEBUG PackageRelationshipCollection:307 - Parsing relationship: /_rels/.rels
2025-01-20 22:33:09 DEBUG PackageRelationshipCollection:307 - Parsing relationship: /xl/_rels/workbook.xml.rels
2025-01-20 22:33:09 DEBUG PackageRelationshipCollection:307 - Parsing relationship: /xl/worksheets/_rels/sheet1.xml.rels
2025-01-20 22:33:09 DEBUG PackageRelationshipCollection:307 - Parsing relationship: /_rels/.rels
2025-01-20 22:37:20 DEBUG PackageRelationshipCollection:307 - Parsing relationship: /xl/_rels/workbook.xml.rels
2025-01-20 22:37:20 DEBUG PackageRelationshipCollection:307 - Parsing relationship: /xl/worksheets/_rels/sheet1.xml.rels
2025-01-20 22:37:20 DEBUG PackageRelationshipCollection:307 - Parsing relationship: /_rels/.rels
2025-01-20 22:37:21 DEBUG PackageRelationshipCollection:307 - Parsing relationship: /xl/_rels/workbook.xml.rels
2025-01-20 22:37:21 DEBUG PackageRelationshipCollection:307 - Parsing relationship: /xl/worksheets/_rels/sheet1.xml.rels
2025-01-20 22:37:21 DEBUG PackageRelationshipCollection:307 - Parsing relationship: /_rels/.rels
2025-01-20 22:37:21 DEBUG PackageRelationshipCollection:307 - Parsing relationship: /xl/_rels/workbook.xml.rels
2025-01-20 22:37:21 DEBUG PackageRelationshipCollection:307 - Parsing relationship: /xl/worksheets/_rels/sheet1.xml.rels
2025-01-20 22:37:21 DEBUG PackageRelationshipCollection:307 - Parsing relationship: /_rels/.rels
2025-01-20 22:37:21 DEBUG PackageRelationshipCollection:307 - Parsing relationship: /xl/_rels/workbook.xml.rels
2025-01-20 22:37:21 DEBUG PackageRelationshipCollection:307 - Parsing relationship: /xl/worksheets/_rels/sheet1.xml.rels
2025-01-20 22:37:21 DEBUG PackageRelationshipCollection:307 - Parsing relationship: /_rels/.rels
2025-01-20 22:37:21 DEBUG PackageRelationshipCollection:307 - Parsing relationship: /xl/_rels/workbook.xml.rels
2025-01-20 22:37:21 DEBUG PackageRelationshipCollection:307 - Parsing relationship: /xl/worksheets/_rels/sheet1.xml.rels
2025-01-20 22:37:21 DEBUG PackageRelationshipCollection:307 - Parsing relationship: /_rels/.rels
2025-01-20 22:37:21 DEBUG PackageRelationshipCollection:307 - Parsing relationship: /xl/_rels/workbook.xml.rels
2025-01-20 22:37:21 DEBUG PackageRelationshipCollection:307 - Parsing relationship: /xl/worksheets/_rels/sheet1.xml.rels
2025-01-20 22:37:21 DEBUG PackageRelationshipCollection:307 - Parsing relationship: /_rels/.rels
2025-01-20 22:37:21 DEBUG PackageRelationshipCollection:307 - Parsing relationship: /xl/_rels/workbook.xml.rels
2025-01-20 22:37:21 DEBUG PackageRelationshipCollection:307 - Parsing relationship: /xl/worksheets/_rels/sheet1.xml.rels
2025-01-20 22:37:21 DEBUG PackageRelationshipCollection:307 - Parsing relationship: /_rels/.rels
2025-01-20 22:37:21 DEBUG PackageRelationshipCollection:307 - Parsing relationship: /xl/_rels/workbook.xml.rels
2025-01-20 22:37:21 DEBUG PackageRelationshipCollection:307 - Parsing relationship: /xl/worksheets/_rels/sheet1.xml.rels
2025-01-20 22:37:21 DEBUG PackageRelationshipCollection:307 - Parsing relationship: /_rels/.rels
2025-01-20 22:37:21 DEBUG PackageRelationshipCollection:307 - Parsing relationship: /xl/_rels/workbook.xml.rels
2025-01-20 22:37:21 DEBUG PackageRelationshipCollection:307 - Parsing relationship: /xl/worksheets/_rels/sheet1.xml.rels
2025-01-20 22:37:21 DEBUG PackageRelationshipCollection:307 - Parsing relationship: /_rels/.rels
2025-01-20 22:37:21 DEBUG PackageRelationshipCollection:307 - Parsing relationship: /xl/_rels/workbook.xml.rels
2025-01-20 22:37:21 DEBUG PackageRelationshipCollection:307 - Parsing relationship: /xl/worksheets/_rels/sheet1.xml.rels
2025-01-20 22:37:21 DEBUG PackageRelationshipCollection:307 - Parsing relationship: /_rels/.rels
2025-01-20 22:37:21 DEBUG PackageRelationshipCollection:307 - Parsing relationship: /xl/_rels/workbook.xml.rels
2025-01-20 22:37:21 DEBUG PackageRelationshipCollection:307 - Parsing relationship: /xl/worksheets/_rels/sheet1.xml.rels
2025-01-20 22:37:21 DEBUG PackageRelationshipCollection:307 - Parsing relationship: /_rels/.rels
2025-01-20 22:37:21 DEBUG PackageRelationshipCollection:307 - Parsing relationship: /xl/_rels/workbook.xml.rels
2025-01-20 22:37:21 DEBUG PackageRelationshipCollection:307 - Parsing relationship: /xl/worksheets/_rels/sheet1.xml.rels
2025-01-20 22:37:21 DEBUG PackageRelationshipCollection:307 - Parsing relationship: /_rels/.rels
2025-01-20 22:37:21 DEBUG PackageRelationshipCollection:307 - Parsing relationship: /xl/_rels/workbook.xml.rels
2025-01-20 22:37:21 DEBUG PackageRelationshipCollection:307 - Parsing relationship: /xl/worksheets/_rels/sheet1.xml.rels
2025-01-20 22:37:21 DEBUG PackageRelationshipCollection:307 - Parsing relationship: /_rels/.rels
2025-01-20 22:37:22 DEBUG PackageRelationshipCollection:307 - Parsing relationship: /xl/_rels/workbook.xml.rels
2025-01-20 22:37:22 DEBUG PackageRelationshipCollection:307 - Parsing relationship: /xl/worksheets/_rels/sheet1.xml.rels
2025-01-20 22:37:22 DEBUG PackageRelationshipCollection:307 - Parsing relationship: /_rels/.rels
2025-01-20 22:37:22 DEBUG PackageRelationshipCollection:307 - Parsing relationship: /xl/_rels/workbook.xml.rels
2025-01-20 22:37:22 DEBUG PackageRelationshipCollection:307 - Parsing relationship: /xl/worksheets/_rels/sheet1.xml.rels
2025-01-20 22:37:22 DEBUG PackageRelationshipCollection:307 - Parsing relationship: /_rels/.rels
2025-01-20 22:37:22 DEBUG PackageRelationshipCollection:307 - Parsing relationship: /xl/_rels/workbook.xml.rels
2025-01-20 22:37:22 DEBUG PackageRelationshipCollection:307 - Parsing relationship: /xl/worksheets/_rels/sheet1.xml.rels
2025-01-20 22:37:22 DEBUG PackageRelationshipCollection:307 - Parsing relationship: /_rels/.rels
2025-01-20 22:37:22 DEBUG PackageRelationshipCollection:307 - Parsing relationship: /xl/_rels/workbook.xml.rels
2025-01-20 22:37:22 DEBUG PackageRelationshipCollection:307 - Parsing relationship: /xl/worksheets/_rels/sheet1.xml.rels
2025-01-20 22:37:22 DEBUG PackageRelationshipCollection:307 - Parsing relationship: /_rels/.rels
2025-01-20 22:37:22 DEBUG PackageRelationshipCollection:307 - Parsing relationship: /xl/_rels/workbook.xml.rels
2025-01-20 22:37:22 DEBUG PackageRelationshipCollection:307 - Parsing relationship: /xl/worksheets/_rels/sheet1.xml.rels
2025-01-20 22:37:22 DEBUG PackageRelationshipCollection:307 - Parsing relationship: /_rels/.rels
2025-01-20 22:37:22 DEBUG PackageRelationshipCollection:307 - Parsing relationship: /xl/_rels/workbook.xml.rels
2025-01-20 22:37:22 DEBUG PackageRelationshipCollection:307 - Parsing relationship: /xl/worksheets/_rels/sheet1.xml.rels
2025-01-20 22:37:22 DEBUG PackageRelationshipCollection:307 - Parsing relationship: /_rels/.rels
2025-01-20 22:37:22 DEBUG PackageRelationshipCollection:307 - Parsing relationship: /xl/_rels/workbook.xml.rels
2025-01-20 22:37:22 DEBUG PackageRelationshipCollection:307 - Parsing relationship: /xl/worksheets/_rels/sheet1.xml.rels
2025-01-20 22:37:22 DEBUG PackageRelationshipCollection:307 - Parsing relationship: /_rels/.rels
2025-01-20 22:37:59 INFO  TC001_AccountRegistrationTest:17 - *****Starting TC001_AccountRegistrationTest ****
2025-01-20 22:37:59 INFO  TC001_AccountRegistrationTest:26 - Clicked on My Account link
2025-01-20 22:38:01 INFO  TC001_AccountRegistrationTest:28 - Clicked on Register link
2025-01-20 22:38:15 INFO  TC001_AccountRegistrationTest:44 - Validating Expected message...
2025-01-20 22:38:26 INFO  TC001_AccountRegistrationTest:63 - ******Finished TC001_AccountRegistrationTest******
2025-01-20 22:38:30 INFO  TC002_LoginTest:16 - *********Start TC002_LoginTest*********
2025-01-20 22:38:43 INFO  TC002_LoginTest:37 - ****Finished TC002_LoginTest****
2025-01-20 22:38:46 DEBUG PackageRelationshipCollection:307 - Parsing relationship: /xl/_rels/workbook.xml.rels
2025-01-20 22:38:46 DEBUG PackageRelationshipCollection:307 - Parsing relationship: /xl/worksheets/_rels/sheet1.xml.rels
2025-01-20 22:38:46 DEBUG PackageRelationshipCollection:307 - Parsing relationship: /_rels/.rels
2025-01-20 22:38:48 DEBUG PackageRelationshipCollection:307 - Parsing relationship: /xl/_rels/workbook.xml.rels
2025-01-20 22:38:48 DEBUG PackageRelationshipCollection:307 - Parsing relationship: /xl/worksheets/_rels/sheet1.xml.rels
2025-01-20 22:38:48 DEBUG PackageRelationshipCollection:307 - Parsing relationship: /_rels/.rels
2025-01-20 22:38:48 DEBUG PackageRelationshipCollection:307 - Parsing relationship: /xl/_rels/workbook.xml.rels
2025-01-20 22:38:48 DEBUG PackageRelationshipCollection:307 - Parsing relationship: /xl/worksheets/_rels/sheet1.xml.rels
2025-01-20 22:38:48 DEBUG PackageRelationshipCollection:307 - Parsing relationship: /_rels/.rels
2025-01-20 22:38:48 DEBUG PackageRelationshipCollection:307 - Parsing relationship: /xl/_rels/workbook.xml.rels
2025-01-20 22:38:48 DEBUG PackageRelationshipCollection:307 - Parsing relationship: /xl/worksheets/_rels/sheet1.xml.rels
2025-01-20 22:38:48 DEBUG PackageRelationshipCollection:307 - Parsing relationship: /_rels/.rels
2025-01-20 22:38:48 DEBUG PackageRelationshipCollection:307 - Parsing relationship: /xl/_rels/workbook.xml.rels
2025-01-20 22:38:48 DEBUG PackageRelationshipCollection:307 - Parsing relationship: /xl/worksheets/_rels/sheet1.xml.rels
2025-01-20 22:38:48 DEBUG PackageRelationshipCollection:307 - Parsing relationship: /_rels/.rels
2025-01-20 22:38:48 DEBUG PackageRelationshipCollection:307 - Parsing relationship: /xl/_rels/workbook.xml.rels
2025-01-20 22:38:48 DEBUG PackageRelationshipCollection:307 - Parsing relationship: /xl/worksheets/_rels/sheet1.xml.rels
2025-01-20 22:38:48 DEBUG PackageRelationshipCollection:307 - Parsing relationship: /_rels/.rels
2025-01-20 22:38:48 DEBUG PackageRelationshipCollection:307 - Parsing relationship: /xl/_rels/workbook.xml.rels
2025-01-20 22:38:48 DEBUG PackageRelationshipCollection:307 - Parsing relationship: /xl/worksheets/_rels/sheet1.xml.rels
2025-01-20 22:38:48 DEBUG PackageRelationshipCollection:307 - Parsing relationship: /_rels/.rels
2025-01-20 22:38:48 DEBUG PackageRelationshipCollection:307 - Parsing relationship: /xl/_rels/workbook.xml.rels
2025-01-20 22:38:48 DEBUG PackageRelationshipCollection:307 - Parsing relationship: /xl/worksheets/_rels/sheet1.xml.rels
2025-01-20 22:38:48 DEBUG PackageRelationshipCollection:307 - Parsing relationship: /_rels/.rels
2025-01-20 22:38:48 DEBUG PackageRelationshipCollection:307 - Parsing relationship: /xl/_rels/workbook.xml.rels
2025-01-20 22:38:48 DEBUG PackageRelationshipCollection:307 - Parsing relationship: /xl/worksheets/_rels/sheet1.xml.rels
2025-01-20 22:38:48 DEBUG PackageRelationshipCollection:307 - Parsing relationship: /_rels/.rels
2025-01-20 22:38:48 DEBUG PackageRelationshipCollection:307 - Parsing relationship: /xl/_rels/workbook.xml.rels
2025-01-20 22:38:48 DEBUG PackageRelationshipCollection:307 - Parsing relationship: /xl/worksheets/_rels/sheet1.xml.rels
2025-01-20 22:38:48 DEBUG PackageRelationshipCollection:307 - Parsing relationship: /_rels/.rels
2025-01-20 22:38:48 DEBUG PackageRelationshipCollection:307 - Parsing relationship: /xl/_rels/workbook.xml.rels
2025-01-20 22:38:48 DEBUG PackageRelationshipCollection:307 - Parsing relationship: /xl/worksheets/_rels/sheet1.xml.rels
2025-01-20 22:38:48 DEBUG PackageRelationshipCollection:307 - Parsing relationship: /_rels/.rels
2025-01-20 22:38:48 DEBUG PackageRelationshipCollection:307 - Parsing relationship: /xl/_rels/workbook.xml.rels
2025-01-20 22:38:48 DEBUG PackageRelationshipCollection:307 - Parsing relationship: /xl/worksheets/_rels/sheet1.xml.rels
2025-01-20 22:38:48 DEBUG PackageRelationshipCollection:307 - Parsing relationship: /_rels/.rels
2025-01-20 22:38:48 DEBUG PackageRelationshipCollection:307 - Parsing relationship: /xl/_rels/workbook.xml.rels
2025-01-20 22:38:48 DEBUG PackageRelationshipCollection:307 - Parsing relationship: /xl/worksheets/_rels/sheet1.xml.rels
2025-01-20 22:38:48 DEBUG PackageRelationshipCollection:307 - Parsing relationship: /_rels/.rels
2025-01-20 22:38:48 DEBUG PackageRelationshipCollection:307 - Parsing relationship: /xl/_rels/workbook.xml.rels
2025-01-20 22:38:49 DEBUG PackageRelationshipCollection:307 - Parsing relationship: /xl/worksheets/_rels/sheet1.xml.rels
2025-01-20 22:38:49 DEBUG PackageRelationshipCollection:307 - Parsing relationship: /_rels/.rels
2025-01-20 22:38:49 DEBUG PackageRelationshipCollection:307 - Parsing relationship: /xl/_rels/workbook.xml.rels
2025-01-20 22:38:49 DEBUG PackageRelationshipCollection:307 - Parsing relationship: /xl/worksheets/_rels/sheet1.xml.rels
2025-01-20 22:38:49 DEBUG PackageRelationshipCollection:307 - Parsing relationship: /_rels/.rels
2025-01-20 22:38:49 DEBUG PackageRelationshipCollection:307 - Parsing relationship: /xl/_rels/workbook.xml.rels
2025-01-20 22:38:49 DEBUG PackageRelationshipCollection:307 - Parsing relationship: /xl/worksheets/_rels/sheet1.xml.rels
2025-01-20 22:38:49 DEBUG PackageRelationshipCollection:307 - Parsing relationship: /_rels/.rels
2025-01-20 22:38:49 DEBUG PackageRelationshipCollection:307 - Parsing relationship: /xl/_rels/workbook.xml.rels
2025-01-20 22:38:49 DEBUG PackageRelationshipCollection:307 - Parsing relationship: /xl/worksheets/_rels/sheet1.xml.rels
2025-01-20 22:38:49 DEBUG PackageRelationshipCollection:307 - Parsing relationship: /_rels/.rels
2025-01-20 22:38:49 DEBUG PackageRelationshipCollection:307 - Parsing relationship: /xl/_rels/workbook.xml.rels
2025-01-20 22:38:49 DEBUG PackageRelationshipCollection:307 - Parsing relationship: /xl/worksheets/_rels/sheet1.xml.rels
2025-01-20 22:38:49 DEBUG PackageRelationshipCollection:307 - Parsing relationship: /_rels/.rels
2025-01-20 22:38:49 DEBUG PackageRelationshipCollection:307 - Parsing relationship: /xl/_rels/workbook.xml.rels
2025-01-20 22:38:49 DEBUG PackageRelationshipCollection:307 - Parsing relationship: /xl/worksheets/_rels/sheet1.xml.rels
2025-01-20 22:38:49 DEBUG PackageRelationshipCollection:307 - Parsing relationship: /_rels/.rels
2025-01-20 22:38:49 DEBUG PackageRelationshipCollection:307 - Parsing relationship: /xl/_rels/workbook.xml.rels
2025-01-20 22:38:49 DEBUG PackageRelationshipCollection:307 - Parsing relationship: /xl/worksheets/_rels/sheet1.xml.rels
2025-01-20 22:38:49 DEBUG PackageRelationshipCollection:307 - Parsing relationship: /_rels/.rels
2025-01-20 22:38:49 INFO  TC003_LoginDDT:16 - *****Starting TC003_LoginDTT******
2025-01-20 22:38:55 INFO  TC003_LoginDDT:53 - *****Finishing TC003_LoginDTT******
2025-01-20 22:38:55 INFO  TC003_LoginDDT:16 - *****Starting TC003_LoginDTT******
2025-01-20 22:39:10 INFO  TC003_LoginDDT:53 - *****Finishing TC003_LoginDTT******
2025-01-20 22:39:10 INFO  TC003_LoginDDT:16 - *****Starting TC003_LoginDTT******
2025-01-20 22:39:25 INFO  TC003_LoginDDT:53 - *****Finishing TC003_LoginDTT******
2025-01-20 22:39:25 INFO  TC003_LoginDDT:16 - *****Starting TC003_LoginDTT******
2025-01-20 22:39:40 INFO  TC003_LoginDDT:53 - *****Finishing TC003_LoginDTT******
2025-01-20 22:39:40 INFO  TC003_LoginDDT:16 - *****Starting TC003_LoginDTT******
2025-01-20 22:39:46 INFO  TC003_LoginDDT:53 - *****Finishing TC003_LoginDTT******
2025-01-20 22:39:46 INFO  TC003_LoginDDT:16 - *****Starting TC003_LoginDTT******
2025-01-20 22:40:00 INFO  TC003_LoginDDT:53 - *****Finishing TC003_LoginDTT******
2025-01-20 22:51:31 DEBUG PackageRelationshipCollection:307 - Parsing relationship: /xl/_rels/workbook.xml.rels
2025-01-20 22:51:31 DEBUG PackageRelationshipCollection:307 - Parsing relationship: /xl/worksheets/_rels/sheet1.xml.rels
2025-01-20 22:51:31 DEBUG PackageRelationshipCollection:307 - Parsing relationship: /_rels/.rels
2025-01-20 22:51:31 DEBUG PackageRelationshipCollection:307 - Parsing relationship: /xl/_rels/workbook.xml.rels
2025-01-20 22:51:31 DEBUG PackageRelationshipCollection:307 - Parsing relationship: /xl/worksheets/_rels/sheet1.xml.rels
2025-01-20 22:51:31 DEBUG PackageRelationshipCollection:307 - Parsing relationship: /_rels/.rels
2025-01-20 22:51:31 DEBUG PackageRelationshipCollection:307 - Parsing relationship: /xl/_rels/workbook.xml.rels
2025-01-20 22:51:31 DEBUG PackageRelationshipCollection:307 - Parsing relationship: /xl/worksheets/_rels/sheet1.xml.rels
2025-01-20 22:51:31 DEBUG PackageRelationshipCollection:307 - Parsing relationship: /_rels/.rels
2025-01-20 22:51:31 DEBUG PackageRelationshipCollection:307 - Parsing relationship: /xl/_rels/workbook.xml.rels
2025-01-20 22:51:31 DEBUG PackageRelationshipCollection:307 - Parsing relationship: /xl/worksheets/_rels/sheet1.xml.rels
2025-01-20 22:51:31 DEBUG PackageRelationshipCollection:307 - Parsing relationship: /_rels/.rels
2025-01-20 22:51:31 DEBUG PackageRelationshipCollection:307 - Parsing relationship: /xl/_rels/workbook.xml.rels
2025-01-20 22:51:31 DEBUG PackageRelationshipCollection:307 - Parsing relationship: /xl/worksheets/_rels/sheet1.xml.rels
2025-01-20 22:51:31 DEBUG PackageRelationshipCollection:307 - Parsing relationship: /_rels/.rels
2025-01-20 22:51:32 DEBUG PackageRelationshipCollection:307 - Parsing relationship: /xl/_rels/workbook.xml.rels
2025-01-20 22:51:32 DEBUG PackageRelationshipCollection:307 - Parsing relationship: /xl/worksheets/_rels/sheet1.xml.rels
2025-01-20 22:51:32 DEBUG PackageRelationshipCollection:307 - Parsing relationship: /_rels/.rels
2025-01-20 22:51:32 DEBUG PackageRelationshipCollection:307 - Parsing relationship: /xl/_rels/workbook.xml.rels
2025-01-20 22:51:32 DEBUG PackageRelationshipCollection:307 - Parsing relationship: /xl/worksheets/_rels/sheet1.xml.rels
2025-01-20 22:51:32 DEBUG PackageRelationshipCollection:307 - Parsing relationship: /_rels/.rels
2025-01-20 22:51:32 DEBUG PackageRelationshipCollection:307 - Parsing relationship: /xl/_rels/workbook.xml.rels
2025-01-20 22:51:32 DEBUG PackageRelationshipCollection:307 - Parsing relationship: /xl/worksheets/_rels/sheet1.xml.rels
2025-01-20 22:51:32 DEBUG PackageRelationshipCollection:307 - Parsing relationship: /_rels/.rels
2025-01-20 22:51:32 DEBUG PackageRelationshipCollection:307 - Parsing relationship: /xl/_rels/workbook.xml.rels
2025-01-20 22:51:32 DEBUG PackageRelationshipCollection:307 - Parsing relationship: /xl/worksheets/_rels/sheet1.xml.rels
2025-01-20 22:51:32 DEBUG PackageRelationshipCollection:307 - Parsing relationship: /_rels/.rels
2025-01-20 22:51:32 DEBUG PackageRelationshipCollection:307 - Parsing relationship: /xl/_rels/workbook.xml.rels
2025-01-20 22:51:32 DEBUG PackageRelationshipCollection:307 - Parsing relationship: /xl/worksheets/_rels/sheet1.xml.rels
2025-01-20 22:51:32 DEBUG PackageRelationshipCollection:307 - Parsing relationship: /_rels/.rels
2025-01-20 22:51:32 DEBUG PackageRelationshipCollection:307 - Parsing relationship: /xl/_rels/workbook.xml.rels
2025-01-20 22:51:32 DEBUG PackageRelationshipCollection:307 - Parsing relationship: /xl/worksheets/_rels/sheet1.xml.rels
2025-01-20 22:51:32 DEBUG PackageRelationshipCollection:307 - Parsing relationship: /_rels/.rels
2025-01-20 22:51:32 DEBUG PackageRelationshipCollection:307 - Parsing relationship: /xl/_rels/workbook.xml.rels
2025-01-20 22:51:32 DEBUG PackageRelationshipCollection:307 - Parsing relationship: /xl/worksheets/_rels/sheet1.xml.rels
2025-01-20 22:51:32 DEBUG PackageRelationshipCollection:307 - Parsing relationship: /_rels/.rels
2025-01-20 22:51:32 DEBUG PackageRelationshipCollection:307 - Parsing relationship: /xl/_rels/workbook.xml.rels
2025-01-20 22:51:32 DEBUG PackageRelationshipCollection:307 - Parsing relationship: /xl/worksheets/_rels/sheet1.xml.rels
2025-01-20 22:51:32 DEBUG PackageRelationshipCollection:307 - Parsing relationship: /_rels/.rels
2025-01-20 22:51:32 DEBUG PackageRelationshipCollection:307 - Parsing relationship: /xl/_rels/workbook.xml.rels
2025-01-20 22:51:32 DEBUG PackageRelationshipCollection:307 - Parsing relationship: /xl/worksheets/_rels/sheet1.xml.rels
2025-01-20 22:51:32 DEBUG PackageRelationshipCollection:307 - Parsing relationship: /_rels/.rels
2025-01-20 22:51:32 DEBUG PackageRelationshipCollection:307 - Parsing relationship: /xl/_rels/workbook.xml.rels
2025-01-20 22:51:32 DEBUG PackageRelationshipCollection:307 - Parsing relationship: /xl/worksheets/_rels/sheet1.xml.rels
2025-01-20 22:51:32 DEBUG PackageRelationshipCollection:307 - Parsing relationship: /_rels/.rels
2025-01-20 22:51:32 DEBUG PackageRelationshipCollection:307 - Parsing relationship: /xl/_rels/workbook.xml.rels
2025-01-20 22:51:32 DEBUG PackageRelationshipCollection:307 - Parsing relationship: /xl/worksheets/_rels/sheet1.xml.rels
2025-01-20 22:51:32 DEBUG PackageRelationshipCollection:307 - Parsing relationship: /_rels/.rels
2025-01-20 22:51:32 DEBUG PackageRelationshipCollection:307 - Parsing relationship: /xl/_rels/workbook.xml.rels
2025-01-20 22:51:32 DEBUG PackageRelationshipCollection:307 - Parsing relationship: /xl/worksheets/_rels/sheet1.xml.rels
2025-01-20 22:51:32 DEBUG PackageRelationshipCollection:307 - Parsing relationship: /_rels/.rels
2025-01-20 22:51:32 DEBUG PackageRelationshipCollection:307 - Parsing relationship: /xl/_rels/workbook.xml.rels
2025-01-20 22:51:32 DEBUG PackageRelationshipCollection:307 - Parsing relationship: /xl/worksheets/_rels/sheet1.xml.rels
2025-01-20 22:51:32 DEBUG PackageRelationshipCollection:307 - Parsing relationship: /_rels/.rels
2025-01-20 22:51:32 DEBUG PackageRelationshipCollection:307 - Parsing relationship: /xl/_rels/workbook.xml.rels
2025-01-20 22:51:32 DEBUG PackageRelationshipCollection:307 - Parsing relationship: /xl/worksheets/_rels/sheet1.xml.rels
2025-01-20 22:51:32 DEBUG PackageRelationshipCollection:307 - Parsing relationship: /_rels/.rels
2025-01-20 22:51:32 DEBUG PackageRelationshipCollection:307 - Parsing relationship: /xl/_rels/workbook.xml.rels
2025-01-20 22:51:32 DEBUG PackageRelationshipCollection:307 - Parsing relationship: /xl/worksheets/_rels/sheet1.xml.rels
2025-01-20 22:51:32 DEBUG PackageRelationshipCollection:307 - Parsing relationship: /_rels/.rels
2025-01-20 22:52:38 INFO  TC001_AccountRegistrationTest:17 - *****Starting TC001_AccountRegistrationTest ****
2025-01-20 22:52:38 INFO  TC001_AccountRegistrationTest:26 - Clicked on My Account link
2025-01-20 22:52:39 INFO  TC001_AccountRegistrationTest:28 - Clicked on Register link
2025-01-20 22:52:54 INFO  TC001_AccountRegistrationTest:44 - Validating Expected message...
2025-01-20 22:53:04 INFO  TC001_AccountRegistrationTest:63 - ******Finished TC001_AccountRegistrationTest******
2025-01-20 22:53:07 INFO  TC002_LoginTest:16 - *********Start TC002_LoginTest*********
2025-01-20 22:53:20 INFO  TC002_LoginTest:37 - ****Finished TC002_LoginTest****
2025-01-20 22:53:24 DEBUG PackageRelationshipCollection:307 - Parsing relationship: /xl/_rels/workbook.xml.rels
2025-01-20 22:53:24 DEBUG PackageRelationshipCollection:307 - Parsing relationship: /xl/worksheets/_rels/sheet1.xml.rels
2025-01-20 22:53:24 DEBUG PackageRelationshipCollection:307 - Parsing relationship: /_rels/.rels
2025-01-20 22:53:25 DEBUG PackageRelationshipCollection:307 - Parsing relationship: /xl/_rels/workbook.xml.rels
2025-01-20 22:53:25 DEBUG PackageRelationshipCollection:307 - Parsing relationship: /xl/worksheets/_rels/sheet1.xml.rels
2025-01-20 22:53:25 DEBUG PackageRelationshipCollection:307 - Parsing relationship: /_rels/.rels
2025-01-20 22:53:25 DEBUG PackageRelationshipCollection:307 - Parsing relationship: /xl/_rels/workbook.xml.rels
2025-01-20 22:53:25 DEBUG PackageRelationshipCollection:307 - Parsing relationship: /xl/worksheets/_rels/sheet1.xml.rels
2025-01-20 22:53:25 DEBUG PackageRelationshipCollection:307 - Parsing relationship: /_rels/.rels
2025-01-20 22:53:25 DEBUG PackageRelationshipCollection:307 - Parsing relationship: /xl/_rels/workbook.xml.rels
2025-01-20 22:53:25 DEBUG PackageRelationshipCollection:307 - Parsing relationship: /xl/worksheets/_rels/sheet1.xml.rels
2025-01-20 22:53:25 DEBUG PackageRelationshipCollection:307 - Parsing relationship: /_rels/.rels
2025-01-20 22:53:25 DEBUG PackageRelationshipCollection:307 - Parsing relationship: /xl/_rels/workbook.xml.rels
2025-01-20 22:53:25 DEBUG PackageRelationshipCollection:307 - Parsing relationship: /xl/worksheets/_rels/sheet1.xml.rels
2025-01-20 22:53:25 DEBUG PackageRelationshipCollection:307 - Parsing relationship: /_rels/.rels
2025-01-20 22:53:25 DEBUG PackageRelationshipCollection:307 - Parsing relationship: /xl/_rels/workbook.xml.rels
2025-01-20 22:53:25 DEBUG PackageRelationshipCollection:307 - Parsing relationship: /xl/worksheets/_rels/sheet1.xml.rels
2025-01-20 22:53:25 DEBUG PackageRelationshipCollection:307 - Parsing relationship: /_rels/.rels
2025-01-20 22:53:26 DEBUG PackageRelationshipCollection:307 - Parsing relationship: /xl/_rels/workbook.xml.rels
2025-01-20 22:53:26 DEBUG PackageRelationshipCollection:307 - Parsing relationship: /xl/worksheets/_rels/sheet1.xml.rels
2025-01-20 22:53:26 DEBUG PackageRelationshipCollection:307 - Parsing relationship: /_rels/.rels
2025-01-20 22:53:26 DEBUG PackageRelationshipCollection:307 - Parsing relationship: /xl/_rels/workbook.xml.rels
2025-01-20 22:53:26 DEBUG PackageRelationshipCollection:307 - Parsing relationship: /xl/worksheets/_rels/sheet1.xml.rels
2025-01-20 22:53:26 DEBUG PackageRelationshipCollection:307 - Parsing relationship: /_rels/.rels
2025-01-20 22:53:26 DEBUG PackageRelationshipCollection:307 - Parsing relationship: /xl/_rels/workbook.xml.rels
2025-01-20 22:53:26 DEBUG PackageRelationshipCollection:307 - Parsing relationship: /xl/worksheets/_rels/sheet1.xml.rels
2025-01-20 22:53:26 DEBUG PackageRelationshipCollection:307 - Parsing relationship: /_rels/.rels
2025-01-20 22:53:26 DEBUG PackageRelationshipCollection:307 - Parsing relationship: /xl/_rels/workbook.xml.rels
2025-01-20 22:53:26 DEBUG PackageRelationshipCollection:307 - Parsing relationship: /xl/worksheets/_rels/sheet1.xml.rels
2025-01-20 22:53:26 DEBUG PackageRelationshipCollection:307 - Parsing relationship: /_rels/.rels
2025-01-20 22:53:26 DEBUG PackageRelationshipCollection:307 - Parsing relationship: /xl/_rels/workbook.xml.rels
2025-01-20 22:53:26 DEBUG PackageRelationshipCollection:307 - Parsing relationship: /xl/worksheets/_rels/sheet1.xml.rels
2025-01-20 22:53:26 DEBUG PackageRelationshipCollection:307 - Parsing relationship: /_rels/.rels
2025-01-20 22:53:26 DEBUG PackageRelationshipCollection:307 - Parsing relationship: /xl/_rels/workbook.xml.rels
2025-01-20 22:53:26 DEBUG PackageRelationshipCollection:307 - Parsing relationship: /xl/worksheets/_rels/sheet1.xml.rels
2025-01-20 22:53:26 DEBUG PackageRelationshipCollection:307 - Parsing relationship: /_rels/.rels
2025-01-20 22:53:26 DEBUG PackageRelationshipCollection:307 - Parsing relationship: /xl/_rels/workbook.xml.rels
2025-01-20 22:53:26 DEBUG PackageRelationshipCollection:307 - Parsing relationship: /xl/worksheets/_rels/sheet1.xml.rels
2025-01-20 22:53:26 DEBUG PackageRelationshipCollection:307 - Parsing relationship: /_rels/.rels
2025-01-20 22:53:26 DEBUG PackageRelationshipCollection:307 - Parsing relationship: /xl/_rels/workbook.xml.rels
2025-01-20 22:53:26 DEBUG PackageRelationshipCollection:307 - Parsing relationship: /xl/worksheets/_rels/sheet1.xml.rels
2025-01-20 22:53:26 DEBUG PackageRelationshipCollection:307 - Parsing relationship: /_rels/.rels
2025-01-20 22:53:26 DEBUG PackageRelationshipCollection:307 - Parsing relationship: /xl/_rels/workbook.xml.rels
2025-01-20 22:53:26 DEBUG PackageRelationshipCollection:307 - Parsing relationship: /xl/worksheets/_rels/sheet1.xml.rels
2025-01-20 22:53:26 DEBUG PackageRelationshipCollection:307 - Parsing relationship: /_rels/.rels
2025-01-20 22:53:26 DEBUG PackageRelationshipCollection:307 - Parsing relationship: /xl/_rels/workbook.xml.rels
2025-01-20 22:53:26 DEBUG PackageRelationshipCollection:307 - Parsing relationship: /xl/worksheets/_rels/sheet1.xml.rels
2025-01-20 22:53:26 DEBUG PackageRelationshipCollection:307 - Parsing relationship: /_rels/.rels
2025-01-20 22:53:26 DEBUG PackageRelationshipCollection:307 - Parsing relationship: /xl/_rels/workbook.xml.rels
2025-01-20 22:53:26 DEBUG PackageRelationshipCollection:307 - Parsing relationship: /xl/worksheets/_rels/sheet1.xml.rels
2025-01-20 22:53:26 DEBUG PackageRelationshipCollection:307 - Parsing relationship: /_rels/.rels
2025-01-20 22:53:26 DEBUG PackageRelationshipCollection:307 - Parsing relationship: /xl/_rels/workbook.xml.rels
2025-01-20 22:53:26 DEBUG PackageRelationshipCollection:307 - Parsing relationship: /xl/worksheets/_rels/sheet1.xml.rels
2025-01-20 22:53:26 DEBUG PackageRelationshipCollection:307 - Parsing relationship: /_rels/.rels
2025-01-20 22:53:26 DEBUG PackageRelationshipCollection:307 - Parsing relationship: /xl/_rels/workbook.xml.rels
2025-01-20 22:53:26 DEBUG PackageRelationshipCollection:307 - Parsing relationship: /xl/worksheets/_rels/sheet1.xml.rels
2025-01-20 22:53:26 DEBUG PackageRelationshipCollection:307 - Parsing relationship: /_rels/.rels
2025-01-20 22:53:26 DEBUG PackageRelationshipCollection:307 - Parsing relationship: /xl/_rels/workbook.xml.rels
2025-01-20 22:53:26 DEBUG PackageRelationshipCollection:307 - Parsing relationship: /xl/worksheets/_rels/sheet1.xml.rels
2025-01-20 22:53:26 DEBUG PackageRelationshipCollection:307 - Parsing relationship: /_rels/.rels
2025-01-20 22:53:27 INFO  TC003_LoginDDT:16 - *****Starting TC003_LoginDTT******
2025-01-20 22:53:33 INFO  TC003_LoginDDT:53 - *****Finishing TC003_LoginDTT******
2025-01-20 22:53:33 INFO  TC003_LoginDDT:16 - *****Starting TC003_LoginDTT******
2025-01-20 22:53:48 INFO  TC003_LoginDDT:53 - *****Finishing TC003_LoginDTT******
2025-01-20 22:53:48 INFO  TC003_LoginDDT:16 - *****Starting TC003_LoginDTT******
2025-01-20 22:54:03 INFO  TC003_LoginDDT:53 - *****Finishing TC003_LoginDTT******
2025-01-20 22:54:03 INFO  TC003_LoginDDT:16 - *****Starting TC003_LoginDTT******
2025-01-20 22:54:19 INFO  TC003_LoginDDT:53 - *****Finishing TC003_LoginDTT******
2025-01-20 22:54:19 INFO  TC003_LoginDDT:16 - *****Starting TC003_LoginDTT******
2025-01-20 22:54:26 INFO  TC003_LoginDDT:53 - *****Finishing TC003_LoginDTT******
2025-01-20 22:54:26 INFO  TC003_LoginDDT:16 - *****Starting TC003_LoginDTT******
2025-01-20 22:54:41 INFO  TC003_LoginDDT:53 - *****Finishing TC003_LoginDTT******
2025-01-20 22:55:36 INFO  TC001_AccountRegistrationTest:17 - *****Starting TC001_AccountRegistrationTest ****
2025-01-20 22:55:36 INFO  TC001_AccountRegistrationTest:26 - Clicked on My Account link
2025-01-20 22:55:37 INFO  TC001_AccountRegistrationTest:28 - Clicked on Register link
2025-01-20 22:55:51 INFO  TC001_AccountRegistrationTest:44 - Validating Expected message...
2025-01-20 22:56:01 INFO  TC001_AccountRegistrationTest:63 - ******Finished TC001_AccountRegistrationTest******
2025-01-20 22:56:05 INFO  TC002_LoginTest:16 - *********Start TC002_LoginTest*********
2025-01-20 22:56:17 INFO  TC002_LoginTest:37 - ****Finished TC002_LoginTest****
2025-01-20 22:56:21 DEBUG PackageRelationshipCollection:307 - Parsing relationship: /xl/_rels/workbook.xml.rels
2025-01-20 22:56:21 DEBUG PackageRelationshipCollection:307 - Parsing relationship: /xl/worksheets/_rels/sheet1.xml.rels
2025-01-20 22:56:21 DEBUG PackageRelationshipCollection:307 - Parsing relationship: /_rels/.rels
2025-01-20 22:56:22 DEBUG PackageRelationshipCollection:307 - Parsing relationship: /xl/_rels/workbook.xml.rels
2025-01-20 22:56:22 DEBUG PackageRelationshipCollection:307 - Parsing relationship: /xl/worksheets/_rels/sheet1.xml.rels
2025-01-20 22:56:22 DEBUG PackageRelationshipCollection:307 - Parsing relationship: /_rels/.rels
2025-01-20 22:56:22 DEBUG PackageRelationshipCollection:307 - Parsing relationship: /xl/_rels/workbook.xml.rels
2025-01-20 22:56:22 DEBUG PackageRelationshipCollection:307 - Parsing relationship: /xl/worksheets/_rels/sheet1.xml.rels
2025-01-20 22:56:22 DEBUG PackageRelationshipCollection:307 - Parsing relationship: /_rels/.rels
2025-01-20 22:56:22 DEBUG PackageRelationshipCollection:307 - Parsing relationship: /xl/_rels/workbook.xml.rels
2025-01-20 22:56:22 DEBUG PackageRelationshipCollection:307 - Parsing relationship: /xl/worksheets/_rels/sheet1.xml.rels
2025-01-20 22:56:22 DEBUG PackageRelationshipCollection:307 - Parsing relationship: /_rels/.rels
2025-01-20 22:56:22 DEBUG PackageRelationshipCollection:307 - Parsing relationship: /xl/_rels/workbook.xml.rels
2025-01-20 22:56:22 DEBUG PackageRelationshipCollection:307 - Parsing relationship: /xl/worksheets/_rels/sheet1.xml.rels
2025-01-20 22:56:22 DEBUG PackageRelationshipCollection:307 - Parsing relationship: /_rels/.rels
2025-01-20 22:56:23 DEBUG PackageRelationshipCollection:307 - Parsing relationship: /xl/_rels/workbook.xml.rels
2025-01-20 22:56:23 DEBUG PackageRelationshipCollection:307 - Parsing relationship: /xl/worksheets/_rels/sheet1.xml.rels
2025-01-20 22:56:23 DEBUG PackageRelationshipCollection:307 - Parsing relationship: /_rels/.rels
2025-01-20 22:56:23 DEBUG PackageRelationshipCollection:307 - Parsing relationship: /xl/_rels/workbook.xml.rels
2025-01-20 22:56:23 DEBUG PackageRelationshipCollection:307 - Parsing relationship: /xl/worksheets/_rels/sheet1.xml.rels
2025-01-20 22:56:23 DEBUG PackageRelationshipCollection:307 - Parsing relationship: /_rels/.rels
2025-01-20 22:56:23 DEBUG PackageRelationshipCollection:307 - Parsing relationship: /xl/_rels/workbook.xml.rels
2025-01-20 22:56:23 DEBUG PackageRelationshipCollection:307 - Parsing relationship: /xl/worksheets/_rels/sheet1.xml.rels
2025-01-20 22:56:23 DEBUG PackageRelationshipCollection:307 - Parsing relationship: /_rels/.rels
2025-01-20 22:56:23 DEBUG PackageRelationshipCollection:307 - Parsing relationship: /xl/_rels/workbook.xml.rels
2025-01-20 22:56:23 DEBUG PackageRelationshipCollection:307 - Parsing relationship: /xl/worksheets/_rels/sheet1.xml.rels
2025-01-20 22:56:23 DEBUG PackageRelationshipCollection:307 - Parsing relationship: /_rels/.rels
2025-01-20 22:56:23 DEBUG PackageRelationshipCollection:307 - Parsing relationship: /xl/_rels/workbook.xml.rels
2025-01-20 22:56:23 DEBUG PackageRelationshipCollection:307 - Parsing relationship: /xl/worksheets/_rels/sheet1.xml.rels
2025-01-20 22:56:23 DEBUG PackageRelationshipCollection:307 - Parsing relationship: /_rels/.rels
2025-01-20 22:56:23 DEBUG PackageRelationshipCollection:307 - Parsing relationship: /xl/_rels/workbook.xml.rels
2025-01-20 22:56:23 DEBUG PackageRelationshipCollection:307 - Parsing relationship: /xl/worksheets/_rels/sheet1.xml.rels
2025-01-20 22:56:23 DEBUG PackageRelationshipCollection:307 - Parsing relationship: /_rels/.rels
2025-01-20 22:56:23 DEBUG PackageRelationshipCollection:307 - Parsing relationship: /xl/_rels/workbook.xml.rels
2025-01-20 22:56:23 DEBUG PackageRelationshipCollection:307 - Parsing relationship: /xl/worksheets/_rels/sheet1.xml.rels
2025-01-20 22:56:23 DEBUG PackageRelationshipCollection:307 - Parsing relationship: /_rels/.rels
2025-01-20 22:56:23 DEBUG PackageRelationshipCollection:307 - Parsing relationship: /xl/_rels/workbook.xml.rels
2025-01-20 22:56:23 DEBUG PackageRelationshipCollection:307 - Parsing relationship: /xl/worksheets/_rels/sheet1.xml.rels
2025-01-20 22:56:23 DEBUG PackageRelationshipCollection:307 - Parsing relationship: /_rels/.rels
2025-01-20 22:56:23 DEBUG PackageRelationshipCollection:307 - Parsing relationship: /xl/_rels/workbook.xml.rels
2025-01-20 22:56:23 DEBUG PackageRelationshipCollection:307 - Parsing relationship: /xl/worksheets/_rels/sheet1.xml.rels
2025-01-20 22:56:23 DEBUG PackageRelationshipCollection:307 - Parsing relationship: /_rels/.rels
2025-01-20 22:56:23 DEBUG PackageRelationshipCollection:307 - Parsing relationship: /xl/_rels/workbook.xml.rels
2025-01-20 22:56:23 DEBUG PackageRelationshipCollection:307 - Parsing relationship: /xl/worksheets/_rels/sheet1.xml.rels
2025-01-20 22:56:23 DEBUG PackageRelationshipCollection:307 - Parsing relationship: /_rels/.rels
2025-01-20 22:56:23 DEBUG PackageRelationshipCollection:307 - Parsing relationship: /xl/_rels/workbook.xml.rels
2025-01-20 22:56:23 DEBUG PackageRelationshipCollection:307 - Parsing relationship: /xl/worksheets/_rels/sheet1.xml.rels
2025-01-20 22:56:23 DEBUG PackageRelationshipCollection:307 - Parsing relationship: /_rels/.rels
2025-01-20 22:56:23 DEBUG PackageRelationshipCollection:307 - Parsing relationship: /xl/_rels/workbook.xml.rels
2025-01-20 22:56:23 DEBUG PackageRelationshipCollection:307 - Parsing relationship: /xl/worksheets/_rels/sheet1.xml.rels
2025-01-20 22:56:23 DEBUG PackageRelationshipCollection:307 - Parsing relationship: /_rels/.rels
2025-01-20 22:56:23 DEBUG PackageRelationshipCollection:307 - Parsing relationship: /xl/_rels/workbook.xml.rels
2025-01-20 22:56:23 DEBUG PackageRelationshipCollection:307 - Parsing relationship: /xl/worksheets/_rels/sheet1.xml.rels
2025-01-20 22:56:23 DEBUG PackageRelationshipCollection:307 - Parsing relationship: /_rels/.rels
2025-01-20 22:56:23 DEBUG PackageRelationshipCollection:307 - Parsing relationship: /xl/_rels/workbook.xml.rels
2025-01-20 22:56:23 DEBUG PackageRelationshipCollection:307 - Parsing relationship: /xl/worksheets/_rels/sheet1.xml.rels
2025-01-20 22:56:23 DEBUG PackageRelationshipCollection:307 - Parsing relationship: /_rels/.rels
2025-01-20 22:56:23 DEBUG PackageRelationshipCollection:307 - Parsing relationship: /xl/_rels/workbook.xml.rels
2025-01-20 22:56:23 DEBUG PackageRelationshipCollection:307 - Parsing relationship: /xl/worksheets/_rels/sheet1.xml.rels
2025-01-20 22:56:23 DEBUG PackageRelationshipCollection:307 - Parsing relationship: /_rels/.rels
2025-01-20 22:56:24 INFO  TC003_LoginDDT:16 - *****Starting TC003_LoginDTT******
2025-01-20 22:56:30 INFO  TC003_LoginDDT:53 - *****Finishing TC003_LoginDTT******
2025-01-20 22:56:30 INFO  TC003_LoginDDT:16 - *****Starting TC003_LoginDTT******
2025-01-20 22:56:45 INFO  TC003_LoginDDT:53 - *****Finishing TC003_LoginDTT******
2025-01-20 22:56:45 INFO  TC003_LoginDDT:16 - *****Starting TC003_LoginDTT******
2025-01-20 22:57:00 INFO  TC003_LoginDDT:53 - *****Finishing TC003_LoginDTT******
2025-01-20 22:57:00 INFO  TC003_LoginDDT:16 - *****Starting TC003_LoginDTT******
2025-01-20 22:57:15 INFO  TC003_LoginDDT:53 - *****Finishing TC003_LoginDTT******
2025-01-20 22:57:15 INFO  TC003_LoginDDT:16 - *****Starting TC003_LoginDTT******
2025-01-20 22:57:21 INFO  TC003_LoginDDT:53 - *****Finishing TC003_LoginDTT******
2025-01-20 22:57:21 INFO  TC003_LoginDDT:16 - *****Starting TC003_LoginDTT******
2025-01-20 22:57:36 INFO  TC003_LoginDDT:53 - *****Finishing TC003_LoginDTT******
