2025-01-21 08:34:25 INFO  TC001_AccountRegistrationTest:17 - *****Starting TC001_AccountRegistrationTest ****
2025-01-21 08:34:25 INFO  TC001_AccountRegistrationTest:26 - Clicked on My Account link
2025-01-21 08:34:26 INFO  TC001_AccountRegistrationTest:28 - Clicked on Register link
2025-01-21 08:34:40 INFO  TC001_AccountRegistrationTest:44 - Validating Expected message...
2025-01-21 08:34:50 INFO  TC001_AccountRegistrationTest:63 - ******Finished TC001_AccountRegistrationTest******
2025-01-21 08:34:53 INFO  TC002_LoginTest:16 - *********Start TC002_LoginTest*********
2025-01-21 08:35:05 INFO  TC002_LoginTest:37 - ****Finished TC002_LoginTest****
2025-01-21 08:35:07 DEBUG PackageRelationshipCollection:307 - Parsing relationship: /xl/_rels/workbook.xml.rels
2025-01-21 08:35:07 DEBUG PackageRelationshipCollection:307 - Parsing relationship: /xl/worksheets/_rels/sheet1.xml.rels
2025-01-21 08:35:07 DEBUG PackageRelationshipCollection:307 - Parsing relationship: /_rels/.rels
2025-01-21 08:35:08 DEBUG PackageRelationshipCollection:307 - Parsing relationship: /xl/_rels/workbook.xml.rels
2025-01-21 08:35:08 DEBUG PackageRelationshipCollection:307 - Parsing relationship: /xl/worksheets/_rels/sheet1.xml.rels
2025-01-21 08:35:08 DEBUG PackageRelationshipCollection:307 - Parsing relationship: /_rels/.rels
2025-01-21 08:35:08 DEBUG PackageRelationshipCollection:307 - Parsing relationship: /xl/_rels/workbook.xml.rels
2025-01-21 08:35:08 DEBUG PackageRelationshipCollection:307 - Parsing relationship: /xl/worksheets/_rels/sheet1.xml.rels
2025-01-21 08:35:08 DEBUG PackageRelationshipCollection:307 - Parsing relationship: /_rels/.rels
2025-01-21 08:35:08 DEBUG PackageRelationshipCollection:307 - Parsing relationship: /xl/_rels/workbook.xml.rels
2025-01-21 08:35:08 DEBUG PackageRelationshipCollection:307 - Parsing relationship: /xl/worksheets/_rels/sheet1.xml.rels
2025-01-21 08:35:08 DEBUG PackageRelationshipCollection:307 - Parsing relationship: /_rels/.rels
2025-01-21 08:35:08 DEBUG PackageRelationshipCollection:307 - Parsing relationship: /xl/_rels/workbook.xml.rels
2025-01-21 08:35:08 DEBUG PackageRelationshipCollection:307 - Parsing relationship: /xl/worksheets/_rels/sheet1.xml.rels
2025-01-21 08:35:08 DEBUG PackageRelationshipCollection:307 - Parsing relationship: /_rels/.rels
2025-01-21 08:35:08 DEBUG PackageRelationshipCollection:307 - Parsing relationship: /xl/_rels/workbook.xml.rels
2025-01-21 08:35:08 DEBUG PackageRelationshipCollection:307 - Parsing relationship: /xl/worksheets/_rels/sheet1.xml.rels
2025-01-21 08:35:08 DEBUG PackageRelationshipCollection:307 - Parsing relationship: /_rels/.rels
2025-01-21 08:35:08 DEBUG PackageRelationshipCollection:307 - Parsing relationship: /xl/_rels/workbook.xml.rels
2025-01-21 08:35:08 DEBUG PackageRelationshipCollection:307 - Parsing relationship: /xl/worksheets/_rels/sheet1.xml.rels
2025-01-21 08:35:08 DEBUG PackageRelationshipCollection:307 - Parsing relationship: /_rels/.rels
2025-01-21 08:35:08 DEBUG PackageRelationshipCollection:307 - Parsing relationship: /xl/_rels/workbook.xml.rels
2025-01-21 08:35:08 DEBUG PackageRelationshipCollection:307 - Parsing relationship: /xl/worksheets/_rels/sheet1.xml.rels
2025-01-21 08:35:08 DEBUG PackageRelationshipCollection:307 - Parsing relationship: /_rels/.rels
2025-01-21 08:35:08 DEBUG PackageRelationshipCollection:307 - Parsing relationship: /xl/_rels/workbook.xml.rels
2025-01-21 08:35:08 DEBUG PackageRelationshipCollection:307 - Parsing relationship: /xl/worksheets/_rels/sheet1.xml.rels
2025-01-21 08:35:08 DEBUG PackageRelationshipCollection:307 - Parsing relationship: /_rels/.rels
2025-01-21 08:35:08 DEBUG PackageRelationshipCollection:307 - Parsing relationship: /xl/_rels/workbook.xml.rels
2025-01-21 08:35:08 DEBUG PackageRelationshipCollection:307 - Parsing relationship: /xl/worksheets/_rels/sheet1.xml.rels
2025-01-21 08:35:08 DEBUG PackageRelationshipCollection:307 - Parsing relationship: /_rels/.rels
2025-01-21 08:35:08 DEBUG PackageRelationshipCollection:307 - Parsing relationship: /xl/_rels/workbook.xml.rels
2025-01-21 08:35:08 DEBUG PackageRelationshipCollection:307 - Parsing relationship: /xl/worksheets/_rels/sheet1.xml.rels
2025-01-21 08:35:08 DEBUG PackageRelationshipCollection:307 - Parsing relationship: /_rels/.rels
2025-01-21 08:35:08 DEBUG PackageRelationshipCollection:307 - Parsing relationship: /xl/_rels/workbook.xml.rels
2025-01-21 08:35:08 DEBUG PackageRelationshipCollection:307 - Parsing relationship: /xl/worksheets/_rels/sheet1.xml.rels
2025-01-21 08:35:09 DEBUG PackageRelationshipCollection:307 - Parsing relationship: /_rels/.rels
2025-01-21 08:35:09 DEBUG PackageRelationshipCollection:307 - Parsing relationship: /xl/_rels/workbook.xml.rels
2025-01-21 08:35:09 DEBUG PackageRelationshipCollection:307 - Parsing relationship: /xl/worksheets/_rels/sheet1.xml.rels
2025-01-21 08:35:09 DEBUG PackageRelationshipCollection:307 - Parsing relationship: /_rels/.rels
2025-01-21 08:35:09 DEBUG PackageRelationshipCollection:307 - Parsing relationship: /xl/_rels/workbook.xml.rels
2025-01-21 08:35:09 DEBUG PackageRelationshipCollection:307 - Parsing relationship: /xl/worksheets/_rels/sheet1.xml.rels
2025-01-21 08:35:09 DEBUG PackageRelationshipCollection:307 - Parsing relationship: /_rels/.rels
2025-01-21 08:35:09 DEBUG PackageRelationshipCollection:307 - Parsing relationship: /xl/_rels/workbook.xml.rels
2025-01-21 08:35:09 DEBUG PackageRelationshipCollection:307 - Parsing relationship: /xl/worksheets/_rels/sheet1.xml.rels
2025-01-21 08:35:09 DEBUG PackageRelationshipCollection:307 - Parsing relationship: /_rels/.rels
2025-01-21 08:35:09 DEBUG PackageRelationshipCollection:307 - Parsing relationship: /xl/_rels/workbook.xml.rels
2025-01-21 08:35:09 DEBUG PackageRelationshipCollection:307 - Parsing relationship: /xl/worksheets/_rels/sheet1.xml.rels
2025-01-21 08:35:09 DEBUG PackageRelationshipCollection:307 - Parsing relationship: /_rels/.rels
2025-01-21 08:35:09 DEBUG PackageRelationshipCollection:307 - Parsing relationship: /xl/_rels/workbook.xml.rels
2025-01-21 08:35:09 DEBUG PackageRelationshipCollection:307 - Parsing relationship: /xl/worksheets/_rels/sheet1.xml.rels
2025-01-21 08:35:09 DEBUG PackageRelationshipCollection:307 - Parsing relationship: /_rels/.rels
2025-01-21 08:35:09 DEBUG PackageRelationshipCollection:307 - Parsing relationship: /xl/_rels/workbook.xml.rels
2025-01-21 08:35:09 DEBUG PackageRelationshipCollection:307 - Parsing relationship: /xl/worksheets/_rels/sheet1.xml.rels
2025-01-21 08:35:09 DEBUG PackageRelationshipCollection:307 - Parsing relationship: /_rels/.rels
2025-01-21 08:35:09 DEBUG PackageRelationshipCollection:307 - Parsing relationship: /xl/_rels/workbook.xml.rels
2025-01-21 08:35:09 DEBUG PackageRelationshipCollection:307 - Parsing relationship: /xl/worksheets/_rels/sheet1.xml.rels
2025-01-21 08:35:09 DEBUG PackageRelationshipCollection:307 - Parsing relationship: /_rels/.rels
2025-01-21 08:35:09 DEBUG PackageRelationshipCollection:307 - Parsing relationship: /xl/_rels/workbook.xml.rels
2025-01-21 08:35:09 DEBUG PackageRelationshipCollection:307 - Parsing relationship: /xl/worksheets/_rels/sheet1.xml.rels
2025-01-21 08:35:09 DEBUG PackageRelationshipCollection:307 - Parsing relationship: /_rels/.rels
2025-01-21 08:35:09 INFO  TC003_LoginDDT:16 - *****Starting TC003_LoginDTT******
2025-01-21 08:35:14 INFO  TC003_LoginDDT:53 - *****Finishing TC003_LoginDTT******
2025-01-21 08:35:14 INFO  TC003_LoginDDT:16 - *****Starting TC003_LoginDTT******
2025-01-21 08:35:28 INFO  TC003_LoginDDT:53 - *****Finishing TC003_LoginDTT******
2025-01-21 08:35:28 INFO  TC003_LoginDDT:16 - *****Starting TC003_LoginDTT******
2025-01-21 08:35:42 INFO  TC003_LoginDDT:53 - *****Finishing TC003_LoginDTT******
2025-01-21 08:35:42 INFO  TC003_LoginDDT:16 - *****Starting TC003_LoginDTT******
2025-01-21 08:35:56 INFO  TC003_LoginDDT:53 - *****Finishing TC003_LoginDTT******
2025-01-21 08:35:56 INFO  TC003_LoginDDT:16 - *****Starting TC003_LoginDTT******
2025-01-21 08:36:02 INFO  TC003_LoginDDT:53 - *****Finishing TC003_LoginDTT******
2025-01-21 08:36:02 INFO  TC003_LoginDDT:16 - *****Starting TC003_LoginDTT******
2025-01-21 08:36:16 INFO  TC003_LoginDDT:53 - *****Finishing TC003_LoginDTT******
